[2021-08-01T15:28:04,852][ERROR][o.e.b.Bootstrap          ] [] Exception
java.lang.IllegalStateException: modules directory [/Users/odyssey/elasticsearch/home/modules] not found
	at org.elasticsearch.bootstrap.Spawner.spawnNativeControllers(Spawner.java:68) ~[classes/:?]
	at org.elasticsearch.bootstrap.Bootstrap.setup(Bootstrap.java:173) ~[classes/:?]
	at org.elasticsearch.bootstrap.Bootstrap.init(Bootstrap.java:393) [classes/:?]
	at org.elasticsearch.bootstrap.Elasticsearch.init(Elasticsearch.java:170) [classes/:?]
	at org.elasticsearch.bootstrap.Elasticsearch.execute(Elasticsearch.java:161) [classes/:?]
	at org.elasticsearch.cli.EnvironmentAwareCommand.execute(EnvironmentAwareCommand.java:86) [classes/:?]
	at org.elasticsearch.cli.Command.mainWithoutErrorHandling(Command.java:127) [classes/:?]
	at org.elasticsearch.cli.Command.main(Command.java:90) [classes/:?]
	at org.elasticsearch.bootstrap.Elasticsearch.main(Elasticsearch.java:126) [classes/:?]
	at org.elasticsearch.bootstrap.Elasticsearch.main(Elasticsearch.java:92) [classes/:?]
[2021-08-01T15:28:04,869][ERROR][o.e.b.ElasticsearchUncaughtExceptionHandler] [] uncaught exception in thread [main]
org.elasticsearch.bootstrap.StartupException: java.lang.IllegalStateException: modules directory [/Users/odyssey/elasticsearch/home/modules] not found
	at org.elasticsearch.bootstrap.Elasticsearch.init(Elasticsearch.java:174) ~[classes/:?]
	at org.elasticsearch.bootstrap.Elasticsearch.execute(Elasticsearch.java:161) ~[classes/:?]
	at org.elasticsearch.cli.EnvironmentAwareCommand.execute(EnvironmentAwareCommand.java:86) ~[classes/:?]
	at org.elasticsearch.cli.Command.mainWithoutErrorHandling(Command.java:127) ~[classes/:?]
	at org.elasticsearch.cli.Command.main(Command.java:90) ~[classes/:?]
	at org.elasticsearch.bootstrap.Elasticsearch.main(Elasticsearch.java:126) ~[classes/:?]
	at org.elasticsearch.bootstrap.Elasticsearch.main(Elasticsearch.java:92) ~[classes/:?]
Caused by: java.lang.IllegalStateException: modules directory [/Users/odyssey/elasticsearch/home/modules] not found
	at org.elasticsearch.bootstrap.Spawner.spawnNativeControllers(Spawner.java:68) ~[classes/:?]
	at org.elasticsearch.bootstrap.Bootstrap.setup(Bootstrap.java:173) ~[classes/:?]
	at org.elasticsearch.bootstrap.Bootstrap.init(Bootstrap.java:393) ~[classes/:?]
	at org.elasticsearch.bootstrap.Elasticsearch.init(Elasticsearch.java:170) ~[classes/:?]
	... 6 more
[2021-08-01T15:30:55,667][INFO ][o.e.n.Node               ] [] version[7.10.3], pid[29854], build[unknown/unknown/unknown/unknown], OS[Mac OS X/10.14.6/x86_64], JVM[Oracle Corporation/Java HotSpot(TM) 64-Bit Server VM/11.0.11/11.0.11+9-LTS-194]
[2021-08-01T15:30:55,676][INFO ][o.e.n.Node               ] [] JVM home [/Library/Java/JavaVirtualMachines/jdk-11.0.11.jdk/Contents/Home]
[2021-08-01T15:30:55,689][INFO ][o.e.n.Node               ] [] JVM arguments [-agentlib:jdwp=transport=dt_socket,address=127.0.0.1:60723,suspend=y,server=n, -Des.path.conf=/Users/odyssey/elasticsearch/home/config, -Des.path.home=/Users/odyssey/elasticsearch/home, -Dlog4j2.disable.jmx=true, -javaagent:/Users/odyssey/Library/Caches/JetBrains/IntelliJIdea2021.1/groovyHotSwap/gragent.jar, -javaagent:/Users/odyssey/Library/Caches/JetBrains/IntelliJIdea2021.1/captureAgent/debugger-agent.jar, -Dfile.encoding=UTF-8]
[2021-08-01T15:30:56,300][ERROR][o.e.b.Bootstrap          ] [] Exception
java.lang.IllegalArgumentException: Plugin [repository-url] was built for Elasticsearch version 7.10.0 but version 7.10.3 is running
	at org.elasticsearch.plugins.PluginsService.verifyCompatibility(PluginsService.java:352) ~[classes/:?]
	at org.elasticsearch.plugins.PluginsService.loadBundle(PluginsService.java:622) ~[classes/:?]
	at org.elasticsearch.plugins.PluginsService.loadBundles(PluginsService.java:479) ~[classes/:?]
	at org.elasticsearch.plugins.PluginsService.<init>(PluginsService.java:168) ~[classes/:?]
	at org.elasticsearch.node.Node.<init>(Node.java:346) ~[classes/:?]
	at org.elasticsearch.node.Node.<init>(Node.java:289) ~[classes/:?]
	at org.elasticsearch.bootstrap.Bootstrap$5.<init>(Bootstrap.java:227) ~[classes/:?]
	at org.elasticsearch.bootstrap.Bootstrap.setup(Bootstrap.java:227) ~[classes/:?]
	at org.elasticsearch.bootstrap.Bootstrap.init(Bootstrap.java:393) [classes/:?]
	at org.elasticsearch.bootstrap.Elasticsearch.init(Elasticsearch.java:170) [classes/:?]
	at org.elasticsearch.bootstrap.Elasticsearch.execute(Elasticsearch.java:161) [classes/:?]
	at org.elasticsearch.cli.EnvironmentAwareCommand.execute(EnvironmentAwareCommand.java:86) [classes/:?]
	at org.elasticsearch.cli.Command.mainWithoutErrorHandling(Command.java:127) [classes/:?]
	at org.elasticsearch.cli.Command.main(Command.java:90) [classes/:?]
	at org.elasticsearch.bootstrap.Elasticsearch.main(Elasticsearch.java:126) [classes/:?]
	at org.elasticsearch.bootstrap.Elasticsearch.main(Elasticsearch.java:92) [classes/:?]
[2021-08-01T15:30:56,318][ERROR][o.e.b.ElasticsearchUncaughtExceptionHandler] [] uncaught exception in thread [main]
org.elasticsearch.bootstrap.StartupException: java.lang.IllegalArgumentException: Plugin [repository-url] was built for Elasticsearch version 7.10.0 but version 7.10.3 is running
	at org.elasticsearch.bootstrap.Elasticsearch.init(Elasticsearch.java:174) ~[classes/:?]
	at org.elasticsearch.bootstrap.Elasticsearch.execute(Elasticsearch.java:161) ~[classes/:?]
	at org.elasticsearch.cli.EnvironmentAwareCommand.execute(EnvironmentAwareCommand.java:86) ~[classes/:?]
	at org.elasticsearch.cli.Command.mainWithoutErrorHandling(Command.java:127) ~[classes/:?]
	at org.elasticsearch.cli.Command.main(Command.java:90) ~[classes/:?]
	at org.elasticsearch.bootstrap.Elasticsearch.main(Elasticsearch.java:126) ~[classes/:?]
	at org.elasticsearch.bootstrap.Elasticsearch.main(Elasticsearch.java:92) ~[classes/:?]
Caused by: java.lang.IllegalArgumentException: Plugin [repository-url] was built for Elasticsearch version 7.10.0 but version 7.10.3 is running
	at org.elasticsearch.plugins.PluginsService.verifyCompatibility(PluginsService.java:352) ~[classes/:?]
	at org.elasticsearch.plugins.PluginsService.loadBundle(PluginsService.java:622) ~[classes/:?]
	at org.elasticsearch.plugins.PluginsService.loadBundles(PluginsService.java:479) ~[classes/:?]
	at org.elasticsearch.plugins.PluginsService.<init>(PluginsService.java:168) ~[classes/:?]
	at org.elasticsearch.node.Node.<init>(Node.java:346) ~[classes/:?]
	at org.elasticsearch.node.Node.<init>(Node.java:289) ~[classes/:?]
	at org.elasticsearch.bootstrap.Bootstrap$5.<init>(Bootstrap.java:227) ~[classes/:?]
	at org.elasticsearch.bootstrap.Bootstrap.setup(Bootstrap.java:227) ~[classes/:?]
	at org.elasticsearch.bootstrap.Bootstrap.init(Bootstrap.java:393) ~[classes/:?]
	at org.elasticsearch.bootstrap.Elasticsearch.init(Elasticsearch.java:170) ~[classes/:?]
	... 6 more
[2021-08-01T15:37:03,547][INFO ][o.e.n.Node               ] [] version[7.10.0], pid[29952], build[unknown/unknown/unknown/unknown], OS[Mac OS X/10.14.6/x86_64], JVM[Oracle Corporation/Java HotSpot(TM) 64-Bit Server VM/11.0.11/11.0.11+9-LTS-194]
[2021-08-01T15:37:03,556][INFO ][o.e.n.Node               ] [] JVM home [/Library/Java/JavaVirtualMachines/jdk-11.0.11.jdk/Contents/Home]
[2021-08-01T15:37:03,570][INFO ][o.e.n.Node               ] [] JVM arguments [-agentlib:jdwp=transport=dt_socket,address=127.0.0.1:61787,suspend=y,server=n, -Des.path.conf=/Users/odyssey/elasticsearch/home/config, -Des.path.home=/Users/odyssey/elasticsearch/home, -Dlog4j2.disable.jmx=true, -javaagent:/Users/odyssey/Library/Caches/JetBrains/IntelliJIdea2021.1/groovyHotSwap/gragent.jar, -javaagent:/Users/odyssey/Library/Caches/JetBrains/IntelliJIdea2021.1/captureAgent/debugger-agent.jar, -Dfile.encoding=UTF-8]
[2021-08-01T15:37:04,097][ERROR][o.e.b.ElasticsearchUncaughtExceptionHandler] [] fatal error in thread [main], exiting
java.lang.NoClassDefFoundError: org/elasticsearch/plugins/ExtendedPluginsClassLoader
	at org.elasticsearch.plugins.PluginsService.loadBundle(PluginsService.java:636) ~[classes/:?]
	at org.elasticsearch.plugins.PluginsService.loadBundles(PluginsService.java:479) ~[classes/:?]
	at org.elasticsearch.plugins.PluginsService.<init>(PluginsService.java:168) ~[classes/:?]
	at org.elasticsearch.node.Node.<init>(Node.java:346) ~[classes/:?]
	at org.elasticsearch.node.Node.<init>(Node.java:289) ~[classes/:?]
	at org.elasticsearch.bootstrap.Bootstrap$5.<init>(Bootstrap.java:227) ~[classes/:?]
	at org.elasticsearch.bootstrap.Bootstrap.setup(Bootstrap.java:227) ~[classes/:?]
	at org.elasticsearch.bootstrap.Bootstrap.init(Bootstrap.java:393) ~[classes/:?]
	at org.elasticsearch.bootstrap.Elasticsearch.init(Elasticsearch.java:170) ~[classes/:?]
	at org.elasticsearch.bootstrap.Elasticsearch.execute(Elasticsearch.java:161) ~[classes/:?]
	at org.elasticsearch.cli.EnvironmentAwareCommand.execute(EnvironmentAwareCommand.java:86) ~[classes/:?]
	at org.elasticsearch.cli.Command.mainWithoutErrorHandling(Command.java:127) ~[classes/:?]
	at org.elasticsearch.cli.Command.main(Command.java:90) ~[classes/:?]
	at org.elasticsearch.bootstrap.Elasticsearch.main(Elasticsearch.java:126) ~[classes/:?]
	at org.elasticsearch.bootstrap.Elasticsearch.main(Elasticsearch.java:92) ~[classes/:?]
Caused by: java.lang.ClassNotFoundException: org.elasticsearch.plugins.ExtendedPluginsClassLoader
	at jdk.internal.loader.BuiltinClassLoader.loadClass(BuiltinClassLoader.java:581) ~[?:?]
	at jdk.internal.loader.ClassLoaders$AppClassLoader.loadClass(ClassLoaders.java:178) ~[?:?]
	at java.lang.ClassLoader.loadClass(ClassLoader.java:521) ~[?:?]
	... 15 more
[2021-08-01T15:41:46,739][INFO ][o.e.n.Node               ] [] version[7.10.0], pid[30009], build[unknown/unknown/unknown/unknown], OS[Mac OS X/10.14.6/x86_64], JVM[Oracle Corporation/Java HotSpot(TM) 64-Bit Server VM/11.0.11/11.0.11+9-LTS-194]
[2021-08-01T15:41:46,754][INFO ][o.e.n.Node               ] [] JVM home [/Library/Java/JavaVirtualMachines/jdk-11.0.11.jdk/Contents/Home]
[2021-08-01T15:41:46,770][INFO ][o.e.n.Node               ] [] JVM arguments [-agentlib:jdwp=transport=dt_socket,address=127.0.0.1:62488,suspend=y,server=n, -Des.path.conf=/Users/odyssey/elasticsearch/home/config, -Des.path.home=/Users/odyssey/elasticsearch/home, -Dlog4j2.disable.jmx=true, -javaagent:/Users/odyssey/Library/Caches/JetBrains/IntelliJIdea2021.1/groovyHotSwap/gragent.jar, -javaagent:/Users/odyssey/Library/Caches/JetBrains/IntelliJIdea2021.1/captureAgent/debugger-agent.jar, -Dfile.encoding=UTF-8]
[2021-08-01T15:41:47,392][ERROR][o.e.b.ElasticsearchUncaughtExceptionHandler] [] fatal error in thread [main], exiting
java.lang.NoClassDefFoundError: org/elasticsearch/plugins/ExtendedPluginsClassLoader
	at org.elasticsearch.plugins.PluginsService.loadBundle(PluginsService.java:636) ~[classes/:?]
	at org.elasticsearch.plugins.PluginsService.loadBundles(PluginsService.java:479) ~[classes/:?]
	at org.elasticsearch.plugins.PluginsService.<init>(PluginsService.java:168) ~[classes/:?]
	at org.elasticsearch.node.Node.<init>(Node.java:346) ~[classes/:?]
	at org.elasticsearch.node.Node.<init>(Node.java:289) ~[classes/:?]
	at org.elasticsearch.bootstrap.Bootstrap$5.<init>(Bootstrap.java:227) ~[classes/:?]
	at org.elasticsearch.bootstrap.Bootstrap.setup(Bootstrap.java:227) ~[classes/:?]
	at org.elasticsearch.bootstrap.Bootstrap.init(Bootstrap.java:393) ~[classes/:?]
	at org.elasticsearch.bootstrap.Elasticsearch.init(Elasticsearch.java:170) ~[classes/:?]
	at org.elasticsearch.bootstrap.Elasticsearch.execute(Elasticsearch.java:161) ~[classes/:?]
	at org.elasticsearch.cli.EnvironmentAwareCommand.execute(EnvironmentAwareCommand.java:86) ~[classes/:?]
	at org.elasticsearch.cli.Command.mainWithoutErrorHandling(Command.java:127) ~[classes/:?]
	at org.elasticsearch.cli.Command.main(Command.java:90) ~[classes/:?]
	at org.elasticsearch.bootstrap.Elasticsearch.main(Elasticsearch.java:126) ~[classes/:?]
	at org.elasticsearch.bootstrap.Elasticsearch.main(Elasticsearch.java:92) ~[classes/:?]
Caused by: java.lang.ClassNotFoundException: org.elasticsearch.plugins.ExtendedPluginsClassLoader
	at jdk.internal.loader.BuiltinClassLoader.loadClass(BuiltinClassLoader.java:581) ~[?:?]
	at jdk.internal.loader.ClassLoaders$AppClassLoader.loadClass(ClassLoaders.java:178) ~[?:?]
	at java.lang.ClassLoader.loadClass(ClassLoader.java:521) ~[?:?]
	... 15 more
[2021-08-01T15:45:21,825][INFO ][o.e.n.Node               ] [] version[7.10.0], pid[30059], build[unknown/unknown/unknown/unknown], OS[Mac OS X/10.14.6/x86_64], JVM[Oracle Corporation/Java HotSpot(TM) 64-Bit Server VM/11.0.11/11.0.11+9-LTS-194]
[2021-08-01T15:45:21,837][INFO ][o.e.n.Node               ] [] JVM home [/Library/Java/JavaVirtualMachines/jdk-11.0.11.jdk/Contents/Home]
[2021-08-01T15:45:21,853][INFO ][o.e.n.Node               ] [] JVM arguments [-agentlib:jdwp=transport=dt_socket,address=127.0.0.1:63122,suspend=y,server=n, -Des.path.conf=/Users/odyssey/elasticsearch/home/config, -Des.path.home=/Users/odyssey/elasticsearch/home, -Dlog4j2.disable.jmx=true, -javaagent:/Users/odyssey/Library/Caches/JetBrains/IntelliJIdea2021.1/groovyHotSwap/gragent.jar, -javaagent:/Users/odyssey/Library/Caches/JetBrains/IntelliJIdea2021.1/captureAgent/debugger-agent.jar, -Dfile.encoding=UTF-8]
[2021-08-01T15:45:22,842][ERROR][o.e.b.Bootstrap          ] [] Exception
java.security.AccessControlException: access denied ("java.lang.RuntimePermission" "createClassLoader")
	at java.security.AccessControlContext.checkPermission(AccessControlContext.java:472) ~[?:?]
	at java.security.AccessController.checkPermission(AccessController.java:897) ~[?:?]
	at java.lang.SecurityManager.checkPermission(SecurityManager.java:322) ~[?:?]
	at java.lang.SecurityManager.checkCreateClassLoader(SecurityManager.java:384) ~[?:?]
	at java.lang.ClassLoader.checkCreateClassLoader(ClassLoader.java:369) ~[?:?]
	at java.lang.ClassLoader.checkCreateClassLoader(ClassLoader.java:359) ~[?:?]
	at java.lang.ClassLoader.<init>(ClassLoader.java:456) ~[?:?]
	at org.elasticsearch.plugins.ExtendedPluginsClassLoader.<init>(ExtendedPluginsClassLoader.java:36) ~[classes/:?]
	at org.elasticsearch.plugins.ExtendedPluginsClassLoader.lambda$create$0(ExtendedPluginsClassLoader.java:57) ~[classes/:?]
	at java.security.AccessController.doPrivileged(Native Method) ~[?:?]
	at org.elasticsearch.plugins.ExtendedPluginsClassLoader.create(ExtendedPluginsClassLoader.java:56) ~[classes/:?]
	at org.elasticsearch.plugins.PluginLoaderIndirection.createLoader(PluginLoaderIndirection.java:31) ~[classes/:?]
	at org.elasticsearch.plugins.PluginsService.loadBundle(PluginsService.java:636) ~[classes/:?]
	at org.elasticsearch.plugins.PluginsService.loadBundles(PluginsService.java:479) ~[classes/:?]
	at org.elasticsearch.plugins.PluginsService.<init>(PluginsService.java:168) ~[classes/:?]
	at org.elasticsearch.node.Node.<init>(Node.java:346) ~[classes/:?]
	at org.elasticsearch.node.Node.<init>(Node.java:289) ~[classes/:?]
	at org.elasticsearch.bootstrap.Bootstrap$5.<init>(Bootstrap.java:227) ~[classes/:?]
	at org.elasticsearch.bootstrap.Bootstrap.setup(Bootstrap.java:227) ~[classes/:?]
	at org.elasticsearch.bootstrap.Bootstrap.init(Bootstrap.java:393) [classes/:?]
	at org.elasticsearch.bootstrap.Elasticsearch.init(Elasticsearch.java:170) [classes/:?]
	at org.elasticsearch.bootstrap.Elasticsearch.execute(Elasticsearch.java:161) [classes/:?]
	at org.elasticsearch.cli.EnvironmentAwareCommand.execute(EnvironmentAwareCommand.java:86) [classes/:?]
	at org.elasticsearch.cli.Command.mainWithoutErrorHandling(Command.java:127) [classes/:?]
	at org.elasticsearch.cli.Command.main(Command.java:90) [classes/:?]
	at org.elasticsearch.bootstrap.Elasticsearch.main(Elasticsearch.java:126) [classes/:?]
	at org.elasticsearch.bootstrap.Elasticsearch.main(Elasticsearch.java:92) [classes/:?]
[2021-08-01T15:45:22,887][ERROR][o.e.b.ElasticsearchUncaughtExceptionHandler] [] uncaught exception in thread [main]
org.elasticsearch.bootstrap.StartupException: java.security.AccessControlException: access denied ("java.lang.RuntimePermission" "createClassLoader")
	at org.elasticsearch.bootstrap.Elasticsearch.init(Elasticsearch.java:174) ~[classes/:?]
	at org.elasticsearch.bootstrap.Elasticsearch.execute(Elasticsearch.java:161) ~[classes/:?]
	at org.elasticsearch.cli.EnvironmentAwareCommand.execute(EnvironmentAwareCommand.java:86) ~[classes/:?]
	at org.elasticsearch.cli.Command.mainWithoutErrorHandling(Command.java:127) ~[classes/:?]
	at org.elasticsearch.cli.Command.main(Command.java:90) ~[classes/:?]
	at org.elasticsearch.bootstrap.Elasticsearch.main(Elasticsearch.java:126) ~[classes/:?]
	at org.elasticsearch.bootstrap.Elasticsearch.main(Elasticsearch.java:92) ~[classes/:?]
Caused by: java.security.AccessControlException: access denied ("java.lang.RuntimePermission" "createClassLoader")
	at java.security.AccessControlContext.checkPermission(AccessControlContext.java:472) ~[?:?]
	at java.security.AccessController.checkPermission(AccessController.java:897) ~[?:?]
	at java.lang.SecurityManager.checkPermission(SecurityManager.java:322) ~[?:?]
	at java.lang.SecurityManager.checkCreateClassLoader(SecurityManager.java:384) ~[?:?]
	at java.lang.ClassLoader.checkCreateClassLoader(ClassLoader.java:369) ~[?:?]
	at java.lang.ClassLoader.checkCreateClassLoader(ClassLoader.java:359) ~[?:?]
	at java.lang.ClassLoader.<init>(ClassLoader.java:456) ~[?:?]
	at org.elasticsearch.plugins.ExtendedPluginsClassLoader.<init>(ExtendedPluginsClassLoader.java:36) ~[classes/:?]
	at org.elasticsearch.plugins.ExtendedPluginsClassLoader.lambda$create$0(ExtendedPluginsClassLoader.java:57) ~[classes/:?]
	at java.security.AccessController.doPrivileged(Native Method) ~[?:?]
	at org.elasticsearch.plugins.ExtendedPluginsClassLoader.create(ExtendedPluginsClassLoader.java:56) ~[classes/:?]
	at org.elasticsearch.plugins.PluginLoaderIndirection.createLoader(PluginLoaderIndirection.java:31) ~[classes/:?]
	at org.elasticsearch.plugins.PluginsService.loadBundle(PluginsService.java:636) ~[classes/:?]
	at org.elasticsearch.plugins.PluginsService.loadBundles(PluginsService.java:479) ~[classes/:?]
	at org.elasticsearch.plugins.PluginsService.<init>(PluginsService.java:168) ~[classes/:?]
	at org.elasticsearch.node.Node.<init>(Node.java:346) ~[classes/:?]
	at org.elasticsearch.node.Node.<init>(Node.java:289) ~[classes/:?]
	at org.elasticsearch.bootstrap.Bootstrap$5.<init>(Bootstrap.java:227) ~[classes/:?]
	at org.elasticsearch.bootstrap.Bootstrap.setup(Bootstrap.java:227) ~[classes/:?]
	at org.elasticsearch.bootstrap.Bootstrap.init(Bootstrap.java:393) ~[classes/:?]
	at org.elasticsearch.bootstrap.Elasticsearch.init(Elasticsearch.java:170) ~[classes/:?]
	... 6 more
[2021-08-01T15:46:58,805][INFO ][o.e.n.Node               ] [] version[7.10.0], pid[30144], build[unknown/unknown/unknown/unknown], OS[Mac OS X/10.14.6/x86_64], JVM[Oracle Corporation/Java HotSpot(TM) 64-Bit Server VM/11.0.11/11.0.11+9-LTS-194]
[2021-08-01T15:46:58,816][INFO ][o.e.n.Node               ] [] JVM home [/Library/Java/JavaVirtualMachines/jdk-11.0.11.jdk/Contents/Home]
[2021-08-01T15:46:58,831][INFO ][o.e.n.Node               ] [] JVM arguments [-agentlib:jdwp=transport=dt_socket,address=127.0.0.1:63374,suspend=y,server=n, -Des.path.conf=/Users/odyssey/elasticsearch/home/config, -Des.path.home=/Users/odyssey/elasticsearch/home, -Dlog4j2.disable.jmx=true, -javaagent:/Users/odyssey/Library/Caches/JetBrains/IntelliJIdea2021.1/groovyHotSwap/gragent.jar, -javaagent:/Users/odyssey/Library/Caches/JetBrains/IntelliJIdea2021.1/captureAgent/debugger-agent.jar, -Dfile.encoding=UTF-8]
[2021-08-01T15:46:59,417][ERROR][o.e.b.Bootstrap          ] [] Exception
java.security.AccessControlException: access denied ("java.lang.RuntimePermission" "createClassLoader")
	at java.security.AccessControlContext.checkPermission(AccessControlContext.java:472) ~[?:?]
	at java.security.AccessController.checkPermission(AccessController.java:897) ~[?:?]
	at java.lang.SecurityManager.checkPermission(SecurityManager.java:322) ~[?:?]
	at java.lang.SecurityManager.checkCreateClassLoader(SecurityManager.java:384) ~[?:?]
	at java.lang.ClassLoader.checkCreateClassLoader(ClassLoader.java:369) ~[?:?]
	at java.lang.ClassLoader.checkCreateClassLoader(ClassLoader.java:359) ~[?:?]
	at java.lang.ClassLoader.<init>(ClassLoader.java:456) ~[?:?]
	at org.elasticsearch.plugins.ExtendedPluginsClassLoader.<init>(ExtendedPluginsClassLoader.java:36) ~[classes/:?]
	at org.elasticsearch.plugins.ExtendedPluginsClassLoader.lambda$create$0(ExtendedPluginsClassLoader.java:57) ~[classes/:?]
	at java.security.AccessController.doPrivileged(Native Method) ~[?:?]
	at org.elasticsearch.plugins.ExtendedPluginsClassLoader.create(ExtendedPluginsClassLoader.java:56) ~[classes/:?]
	at org.elasticsearch.plugins.PluginLoaderIndirection.createLoader(PluginLoaderIndirection.java:31) ~[classes/:?]
	at org.elasticsearch.plugins.PluginsService.loadBundle(PluginsService.java:636) ~[classes/:?]
	at org.elasticsearch.plugins.PluginsService.loadBundles(PluginsService.java:479) ~[classes/:?]
	at org.elasticsearch.plugins.PluginsService.<init>(PluginsService.java:168) ~[classes/:?]
	at org.elasticsearch.node.Node.<init>(Node.java:346) ~[classes/:?]
	at org.elasticsearch.node.Node.<init>(Node.java:289) ~[classes/:?]
	at org.elasticsearch.bootstrap.Bootstrap$5.<init>(Bootstrap.java:227) ~[classes/:?]
	at org.elasticsearch.bootstrap.Bootstrap.setup(Bootstrap.java:227) ~[classes/:?]
	at org.elasticsearch.bootstrap.Bootstrap.init(Bootstrap.java:393) [classes/:?]
	at org.elasticsearch.bootstrap.Elasticsearch.init(Elasticsearch.java:170) [classes/:?]
	at org.elasticsearch.bootstrap.Elasticsearch.execute(Elasticsearch.java:161) [classes/:?]
	at org.elasticsearch.cli.EnvironmentAwareCommand.execute(EnvironmentAwareCommand.java:86) [classes/:?]
	at org.elasticsearch.cli.Command.mainWithoutErrorHandling(Command.java:127) [classes/:?]
	at org.elasticsearch.cli.Command.main(Command.java:90) [classes/:?]
	at org.elasticsearch.bootstrap.Elasticsearch.main(Elasticsearch.java:126) [classes/:?]
	at org.elasticsearch.bootstrap.Elasticsearch.main(Elasticsearch.java:92) [classes/:?]
[2021-08-01T15:46:59,432][ERROR][o.e.b.ElasticsearchUncaughtExceptionHandler] [] uncaught exception in thread [main]
org.elasticsearch.bootstrap.StartupException: java.security.AccessControlException: access denied ("java.lang.RuntimePermission" "createClassLoader")
	at org.elasticsearch.bootstrap.Elasticsearch.init(Elasticsearch.java:174) ~[classes/:?]
	at org.elasticsearch.bootstrap.Elasticsearch.execute(Elasticsearch.java:161) ~[classes/:?]
	at org.elasticsearch.cli.EnvironmentAwareCommand.execute(EnvironmentAwareCommand.java:86) ~[classes/:?]
	at org.elasticsearch.cli.Command.mainWithoutErrorHandling(Command.java:127) ~[classes/:?]
	at org.elasticsearch.cli.Command.main(Command.java:90) ~[classes/:?]
	at org.elasticsearch.bootstrap.Elasticsearch.main(Elasticsearch.java:126) ~[classes/:?]
	at org.elasticsearch.bootstrap.Elasticsearch.main(Elasticsearch.java:92) ~[classes/:?]
Caused by: java.security.AccessControlException: access denied ("java.lang.RuntimePermission" "createClassLoader")
	at java.security.AccessControlContext.checkPermission(AccessControlContext.java:472) ~[?:?]
	at java.security.AccessController.checkPermission(AccessController.java:897) ~[?:?]
	at java.lang.SecurityManager.checkPermission(SecurityManager.java:322) ~[?:?]
	at java.lang.SecurityManager.checkCreateClassLoader(SecurityManager.java:384) ~[?:?]
	at java.lang.ClassLoader.checkCreateClassLoader(ClassLoader.java:369) ~[?:?]
	at java.lang.ClassLoader.checkCreateClassLoader(ClassLoader.java:359) ~[?:?]
	at java.lang.ClassLoader.<init>(ClassLoader.java:456) ~[?:?]
	at org.elasticsearch.plugins.ExtendedPluginsClassLoader.<init>(ExtendedPluginsClassLoader.java:36) ~[classes/:?]
	at org.elasticsearch.plugins.ExtendedPluginsClassLoader.lambda$create$0(ExtendedPluginsClassLoader.java:57) ~[classes/:?]
	at java.security.AccessController.doPrivileged(Native Method) ~[?:?]
	at org.elasticsearch.plugins.ExtendedPluginsClassLoader.create(ExtendedPluginsClassLoader.java:56) ~[classes/:?]
	at org.elasticsearch.plugins.PluginLoaderIndirection.createLoader(PluginLoaderIndirection.java:31) ~[classes/:?]
	at org.elasticsearch.plugins.PluginsService.loadBundle(PluginsService.java:636) ~[classes/:?]
	at org.elasticsearch.plugins.PluginsService.loadBundles(PluginsService.java:479) ~[classes/:?]
	at org.elasticsearch.plugins.PluginsService.<init>(PluginsService.java:168) ~[classes/:?]
	at org.elasticsearch.node.Node.<init>(Node.java:346) ~[classes/:?]
	at org.elasticsearch.node.Node.<init>(Node.java:289) ~[classes/:?]
	at org.elasticsearch.bootstrap.Bootstrap$5.<init>(Bootstrap.java:227) ~[classes/:?]
	at org.elasticsearch.bootstrap.Bootstrap.setup(Bootstrap.java:227) ~[classes/:?]
	at org.elasticsearch.bootstrap.Bootstrap.init(Bootstrap.java:393) ~[classes/:?]
	at org.elasticsearch.bootstrap.Elasticsearch.init(Elasticsearch.java:170) ~[classes/:?]
	... 6 more
[2021-08-01T15:48:21,803][INFO ][o.e.n.Node               ] [] version[7.10.0], pid[30185], build[unknown/unknown/unknown/unknown], OS[Mac OS X/10.14.6/x86_64], JVM[Oracle Corporation/Java HotSpot(TM) 64-Bit Server VM/11.0.11/11.0.11+9-LTS-194]
[2021-08-01T15:48:21,817][INFO ][o.e.n.Node               ] [] JVM home [/Library/Java/JavaVirtualMachines/jdk-11.0.11.jdk/Contents/Home]
[2021-08-01T15:48:21,834][INFO ][o.e.n.Node               ] [] JVM arguments [-agentlib:jdwp=transport=dt_socket,address=127.0.0.1:63585,suspend=y,server=n, -Des.path.conf=/Users/odyssey/elasticsearch/home/config, -Des.path.home=/Users/odyssey/elasticsearch/home, -Dlog4j2.disable.jmx=true, -javaagent:/Users/odyssey/Library/Caches/JetBrains/IntelliJIdea2021.1/groovyHotSwap/gragent.jar, -javaagent:/Users/odyssey/Library/Caches/JetBrains/IntelliJIdea2021.1/captureAgent/debugger-agent.jar, -Dfile.encoding=UTF-8]
[2021-08-01T15:48:22,470][ERROR][o.e.b.Bootstrap          ] [] Exception
java.security.AccessControlException: access denied ("java.lang.RuntimePermission" "createClassLoader")
	at java.security.AccessControlContext.checkPermission(AccessControlContext.java:472) ~[?:?]
	at java.security.AccessController.checkPermission(AccessController.java:897) ~[?:?]
	at java.lang.SecurityManager.checkPermission(SecurityManager.java:322) ~[?:?]
	at java.lang.SecurityManager.checkCreateClassLoader(SecurityManager.java:384) ~[?:?]
	at java.lang.ClassLoader.checkCreateClassLoader(ClassLoader.java:369) ~[?:?]
	at java.lang.ClassLoader.checkCreateClassLoader(ClassLoader.java:359) ~[?:?]
	at java.lang.ClassLoader.<init>(ClassLoader.java:456) ~[?:?]
	at org.elasticsearch.plugins.ExtendedPluginsClassLoader.<init>(ExtendedPluginsClassLoader.java:36) ~[classes/:?]
	at org.elasticsearch.plugins.ExtendedPluginsClassLoader.lambda$create$0(ExtendedPluginsClassLoader.java:57) ~[classes/:?]
	at java.security.AccessController.doPrivileged(Native Method) ~[?:?]
	at org.elasticsearch.plugins.ExtendedPluginsClassLoader.create(ExtendedPluginsClassLoader.java:56) ~[classes/:?]
	at org.elasticsearch.plugins.PluginLoaderIndirection.createLoader(PluginLoaderIndirection.java:31) ~[classes/:?]
	at org.elasticsearch.plugins.PluginsService.loadBundle(PluginsService.java:636) ~[classes/:?]
	at org.elasticsearch.plugins.PluginsService.loadBundles(PluginsService.java:479) ~[classes/:?]
	at org.elasticsearch.plugins.PluginsService.<init>(PluginsService.java:168) ~[classes/:?]
	at org.elasticsearch.node.Node.<init>(Node.java:346) ~[classes/:?]
	at org.elasticsearch.node.Node.<init>(Node.java:289) ~[classes/:?]
	at org.elasticsearch.bootstrap.Bootstrap$5.<init>(Bootstrap.java:227) ~[classes/:?]
	at org.elasticsearch.bootstrap.Bootstrap.setup(Bootstrap.java:227) ~[classes/:?]
	at org.elasticsearch.bootstrap.Bootstrap.init(Bootstrap.java:393) [classes/:?]
	at org.elasticsearch.bootstrap.Elasticsearch.init(Elasticsearch.java:170) [classes/:?]
	at org.elasticsearch.bootstrap.Elasticsearch.execute(Elasticsearch.java:161) [classes/:?]
	at org.elasticsearch.cli.EnvironmentAwareCommand.execute(EnvironmentAwareCommand.java:86) [classes/:?]
	at org.elasticsearch.cli.Command.mainWithoutErrorHandling(Command.java:127) [classes/:?]
	at org.elasticsearch.cli.Command.main(Command.java:90) [classes/:?]
	at org.elasticsearch.bootstrap.Elasticsearch.main(Elasticsearch.java:126) [classes/:?]
	at org.elasticsearch.bootstrap.Elasticsearch.main(Elasticsearch.java:92) [classes/:?]
[2021-08-01T15:48:22,486][ERROR][o.e.b.ElasticsearchUncaughtExceptionHandler] [] uncaught exception in thread [main]
org.elasticsearch.bootstrap.StartupException: java.security.AccessControlException: access denied ("java.lang.RuntimePermission" "createClassLoader")
	at org.elasticsearch.bootstrap.Elasticsearch.init(Elasticsearch.java:174) ~[classes/:?]
	at org.elasticsearch.bootstrap.Elasticsearch.execute(Elasticsearch.java:161) ~[classes/:?]
	at org.elasticsearch.cli.EnvironmentAwareCommand.execute(EnvironmentAwareCommand.java:86) ~[classes/:?]
	at org.elasticsearch.cli.Command.mainWithoutErrorHandling(Command.java:127) ~[classes/:?]
	at org.elasticsearch.cli.Command.main(Command.java:90) ~[classes/:?]
	at org.elasticsearch.bootstrap.Elasticsearch.main(Elasticsearch.java:126) ~[classes/:?]
	at org.elasticsearch.bootstrap.Elasticsearch.main(Elasticsearch.java:92) ~[classes/:?]
Caused by: java.security.AccessControlException: access denied ("java.lang.RuntimePermission" "createClassLoader")
	at java.security.AccessControlContext.checkPermission(AccessControlContext.java:472) ~[?:?]
	at java.security.AccessController.checkPermission(AccessController.java:897) ~[?:?]
	at java.lang.SecurityManager.checkPermission(SecurityManager.java:322) ~[?:?]
	at java.lang.SecurityManager.checkCreateClassLoader(SecurityManager.java:384) ~[?:?]
	at java.lang.ClassLoader.checkCreateClassLoader(ClassLoader.java:369) ~[?:?]
	at java.lang.ClassLoader.checkCreateClassLoader(ClassLoader.java:359) ~[?:?]
	at java.lang.ClassLoader.<init>(ClassLoader.java:456) ~[?:?]
	at org.elasticsearch.plugins.ExtendedPluginsClassLoader.<init>(ExtendedPluginsClassLoader.java:36) ~[classes/:?]
	at org.elasticsearch.plugins.ExtendedPluginsClassLoader.lambda$create$0(ExtendedPluginsClassLoader.java:57) ~[classes/:?]
	at java.security.AccessController.doPrivileged(Native Method) ~[?:?]
	at org.elasticsearch.plugins.ExtendedPluginsClassLoader.create(ExtendedPluginsClassLoader.java:56) ~[classes/:?]
	at org.elasticsearch.plugins.PluginLoaderIndirection.createLoader(PluginLoaderIndirection.java:31) ~[classes/:?]
	at org.elasticsearch.plugins.PluginsService.loadBundle(PluginsService.java:636) ~[classes/:?]
	at org.elasticsearch.plugins.PluginsService.loadBundles(PluginsService.java:479) ~[classes/:?]
	at org.elasticsearch.plugins.PluginsService.<init>(PluginsService.java:168) ~[classes/:?]
	at org.elasticsearch.node.Node.<init>(Node.java:346) ~[classes/:?]
	at org.elasticsearch.node.Node.<init>(Node.java:289) ~[classes/:?]
	at org.elasticsearch.bootstrap.Bootstrap$5.<init>(Bootstrap.java:227) ~[classes/:?]
	at org.elasticsearch.bootstrap.Bootstrap.setup(Bootstrap.java:227) ~[classes/:?]
	at org.elasticsearch.bootstrap.Bootstrap.init(Bootstrap.java:393) ~[classes/:?]
	at org.elasticsearch.bootstrap.Elasticsearch.init(Elasticsearch.java:170) ~[classes/:?]
	... 6 more
[2021-08-01T15:52:03,169][INFO ][o.e.n.Node               ] [] version[7.10.0], pid[30217], build[unknown/unknown/unknown/unknown], OS[Mac OS X/10.14.6/x86_64], JVM[Oracle Corporation/Java HotSpot(TM) 64-Bit Server VM/11.0.11/11.0.11+9-LTS-194]
[2021-08-01T15:52:03,178][INFO ][o.e.n.Node               ] [] JVM home [/Library/Java/JavaVirtualMachines/jdk-11.0.11.jdk/Contents/Home]
[2021-08-01T15:52:03,192][INFO ][o.e.n.Node               ] [] JVM arguments [-agentlib:jdwp=transport=dt_socket,address=127.0.0.1:64121,suspend=y,server=n, -Des.path.conf=/Users/odyssey/elasticsearch/home/config, -Des.path.home=/Users/odyssey/elasticsearch/home, -Dlog4j2.disable.jmx=true, -Djava.security.policy=/Users/odyssey/elasticsearch/home/config/java.policy, -javaagent:/Users/odyssey/Library/Caches/JetBrains/IntelliJIdea2021.1/groovyHotSwap/gragent.jar, -javaagent:/Users/odyssey/Library/Caches/JetBrains/IntelliJIdea2021.1/captureAgent/debugger-agent.jar, -Dfile.encoding=UTF-8]
[2021-08-01T15:52:04,196][ERROR][o.e.b.Bootstrap          ] [] Exception
java.security.AccessControlException: access denied ("java.lang.RuntimePermission" "setContextClassLoader")
	at java.security.AccessControlContext.checkPermission(AccessControlContext.java:472) ~[?:?]
	at java.security.AccessController.checkPermission(AccessController.java:897) ~[?:?]
	at java.lang.SecurityManager.checkPermission(SecurityManager.java:322) ~[?:?]
	at java.lang.Thread.setContextClassLoader(Thread.java:1522) ~[?:?]
	at org.elasticsearch.plugins.PluginsService.lambda$loadBundle$7(PluginsService.java:663) ~[classes/:?]
	at java.security.AccessController.doPrivileged(Native Method) ~[?:?]
	at org.elasticsearch.plugins.PluginsService.loadBundle(PluginsService.java:662) ~[classes/:?]
	at org.elasticsearch.plugins.PluginsService.loadBundles(PluginsService.java:479) ~[classes/:?]
	at org.elasticsearch.plugins.PluginsService.<init>(PluginsService.java:168) ~[classes/:?]
	at org.elasticsearch.node.Node.<init>(Node.java:346) ~[classes/:?]
	at org.elasticsearch.node.Node.<init>(Node.java:289) ~[classes/:?]
	at org.elasticsearch.bootstrap.Bootstrap$5.<init>(Bootstrap.java:227) ~[classes/:?]
	at org.elasticsearch.bootstrap.Bootstrap.setup(Bootstrap.java:227) ~[classes/:?]
	at org.elasticsearch.bootstrap.Bootstrap.init(Bootstrap.java:393) [classes/:?]
	at org.elasticsearch.bootstrap.Elasticsearch.init(Elasticsearch.java:170) [classes/:?]
	at org.elasticsearch.bootstrap.Elasticsearch.execute(Elasticsearch.java:161) [classes/:?]
	at org.elasticsearch.cli.EnvironmentAwareCommand.execute(EnvironmentAwareCommand.java:86) [classes/:?]
	at org.elasticsearch.cli.Command.mainWithoutErrorHandling(Command.java:127) [classes/:?]
	at org.elasticsearch.cli.Command.main(Command.java:90) [classes/:?]
	at org.elasticsearch.bootstrap.Elasticsearch.main(Elasticsearch.java:126) [classes/:?]
	at org.elasticsearch.bootstrap.Elasticsearch.main(Elasticsearch.java:92) [classes/:?]
[2021-08-01T15:52:04,209][ERROR][o.e.b.ElasticsearchUncaughtExceptionHandler] [] uncaught exception in thread [main]
org.elasticsearch.bootstrap.StartupException: java.security.AccessControlException: access denied ("java.lang.RuntimePermission" "setContextClassLoader")
	at org.elasticsearch.bootstrap.Elasticsearch.init(Elasticsearch.java:174) ~[classes/:?]
	at org.elasticsearch.bootstrap.Elasticsearch.execute(Elasticsearch.java:161) ~[classes/:?]
	at org.elasticsearch.cli.EnvironmentAwareCommand.execute(EnvironmentAwareCommand.java:86) ~[classes/:?]
	at org.elasticsearch.cli.Command.mainWithoutErrorHandling(Command.java:127) ~[classes/:?]
	at org.elasticsearch.cli.Command.main(Command.java:90) ~[classes/:?]
	at org.elasticsearch.bootstrap.Elasticsearch.main(Elasticsearch.java:126) ~[classes/:?]
	at org.elasticsearch.bootstrap.Elasticsearch.main(Elasticsearch.java:92) ~[classes/:?]
Caused by: java.security.AccessControlException: access denied ("java.lang.RuntimePermission" "setContextClassLoader")
	at java.security.AccessControlContext.checkPermission(AccessControlContext.java:472) ~[?:?]
	at java.security.AccessController.checkPermission(AccessController.java:897) ~[?:?]
	at java.lang.SecurityManager.checkPermission(SecurityManager.java:322) ~[?:?]
	at java.lang.Thread.setContextClassLoader(Thread.java:1522) [?:?]
	at org.elasticsearch.plugins.PluginsService.lambda$loadBundle$7(PluginsService.java:663) ~[classes/:?]
	at java.security.AccessController.doPrivileged(Native Method) ~[?:?]
	at org.elasticsearch.plugins.PluginsService.loadBundle(PluginsService.java:662) ~[classes/:?]
	at org.elasticsearch.plugins.PluginsService.loadBundles(PluginsService.java:479) ~[classes/:?]
	at org.elasticsearch.plugins.PluginsService.<init>(PluginsService.java:168) ~[classes/:?]
	at org.elasticsearch.node.Node.<init>(Node.java:346) ~[classes/:?]
	at org.elasticsearch.node.Node.<init>(Node.java:289) ~[classes/:?]
	at org.elasticsearch.bootstrap.Bootstrap$5.<init>(Bootstrap.java:227) ~[classes/:?]
	at org.elasticsearch.bootstrap.Bootstrap.setup(Bootstrap.java:227) ~[classes/:?]
	at org.elasticsearch.bootstrap.Bootstrap.init(Bootstrap.java:393) ~[classes/:?]
	at org.elasticsearch.bootstrap.Elasticsearch.init(Elasticsearch.java:170) ~[classes/:?]
	... 6 more
[2021-08-01T15:53:48,187][INFO ][o.e.n.Node               ] [] version[7.10.0], pid[30242], build[unknown/unknown/unknown/unknown], OS[Mac OS X/10.14.6/x86_64], JVM[Oracle Corporation/Java HotSpot(TM) 64-Bit Server VM/11.0.11/11.0.11+9-LTS-194]
[2021-08-01T15:53:48,201][INFO ][o.e.n.Node               ] [] JVM home [/Library/Java/JavaVirtualMachines/jdk-11.0.11.jdk/Contents/Home]
[2021-08-01T15:53:48,216][INFO ][o.e.n.Node               ] [] JVM arguments [-agentlib:jdwp=transport=dt_socket,address=127.0.0.1:64382,suspend=y,server=n, -Des.path.conf=/Users/odyssey/elasticsearch/home/config, -Des.path.home=/Users/odyssey/elasticsearch/home, -Dlog4j2.disable.jmx=true, -Djava.security.policy=/Users/odyssey/elasticsearch/home/config/java.policy, -javaagent:/Users/odyssey/Library/Caches/JetBrains/IntelliJIdea2021.1/groovyHotSwap/gragent.jar, -javaagent:/Users/odyssey/Library/Caches/JetBrains/IntelliJIdea2021.1/captureAgent/debugger-agent.jar, -Dfile.encoding=UTF-8]
[2021-08-01T15:54:06,501][INFO ][o.e.p.PluginsService     ] [] loaded module [aggs-matrix-stats]
[2021-08-01T15:54:06,502][INFO ][o.e.p.PluginsService     ] [] loaded module [analysis-common]
[2021-08-01T15:54:06,503][INFO ][o.e.p.PluginsService     ] [] loaded module [constant-keyword]
[2021-08-01T15:54:06,504][INFO ][o.e.p.PluginsService     ] [] loaded module [flattened]
[2021-08-01T15:54:06,504][INFO ][o.e.p.PluginsService     ] [] loaded module [frozen-indices]
[2021-08-01T15:54:06,505][INFO ][o.e.p.PluginsService     ] [] loaded module [ingest-common]
[2021-08-01T15:54:06,505][INFO ][o.e.p.PluginsService     ] [] loaded module [ingest-geoip]
[2021-08-01T15:54:06,506][INFO ][o.e.p.PluginsService     ] [] loaded module [ingest-user-agent]
[2021-08-01T15:54:06,506][INFO ][o.e.p.PluginsService     ] [] loaded module [kibana]
[2021-08-01T15:54:06,507][INFO ][o.e.p.PluginsService     ] [] loaded module [lang-expression]
[2021-08-01T15:54:06,507][INFO ][o.e.p.PluginsService     ] [] loaded module [lang-mustache]
[2021-08-01T15:54:06,508][INFO ][o.e.p.PluginsService     ] [] loaded module [lang-painless]
[2021-08-01T15:54:06,508][INFO ][o.e.p.PluginsService     ] [] loaded module [mapper-extras]
[2021-08-01T15:54:06,509][INFO ][o.e.p.PluginsService     ] [] loaded module [mapper-version]
[2021-08-01T15:54:06,509][INFO ][o.e.p.PluginsService     ] [] loaded module [parent-join]
[2021-08-01T15:54:06,510][INFO ][o.e.p.PluginsService     ] [] loaded module [percolator]
[2021-08-01T15:54:06,510][INFO ][o.e.p.PluginsService     ] [] loaded module [rank-eval]
[2021-08-01T15:54:06,511][INFO ][o.e.p.PluginsService     ] [] loaded module [reindex]
[2021-08-01T15:54:06,511][INFO ][o.e.p.PluginsService     ] [] loaded module [repositories-metering-api]
[2021-08-01T15:54:06,512][INFO ][o.e.p.PluginsService     ] [] loaded module [repository-url]
[2021-08-01T15:54:06,512][INFO ][o.e.p.PluginsService     ] [] loaded module [search-business-rules]
[2021-08-01T15:54:06,512][INFO ][o.e.p.PluginsService     ] [] loaded module [searchable-snapshots]
[2021-08-01T15:54:06,513][INFO ][o.e.p.PluginsService     ] [] loaded module [spatial]
[2021-08-01T15:54:06,514][INFO ][o.e.p.PluginsService     ] [] loaded module [transform]
[2021-08-01T15:54:06,514][INFO ][o.e.p.PluginsService     ] [] loaded module [transport-netty4]
[2021-08-01T15:54:06,515][INFO ][o.e.p.PluginsService     ] [] loaded module [unsigned-long]
[2021-08-01T15:54:06,515][INFO ][o.e.p.PluginsService     ] [] loaded module [vectors]
[2021-08-01T15:54:06,515][INFO ][o.e.p.PluginsService     ] [] loaded module [wildcard]
[2021-08-01T15:54:06,516][INFO ][o.e.p.PluginsService     ] [] loaded module [x-pack-analytics]
[2021-08-01T15:54:06,516][INFO ][o.e.p.PluginsService     ] [] loaded module [x-pack-async]
[2021-08-01T15:54:06,517][INFO ][o.e.p.PluginsService     ] [] loaded module [x-pack-async-search]
[2021-08-01T15:54:06,517][INFO ][o.e.p.PluginsService     ] [] loaded module [x-pack-autoscaling]
[2021-08-01T15:54:06,518][INFO ][o.e.p.PluginsService     ] [] loaded module [x-pack-ccr]
[2021-08-01T15:54:06,518][INFO ][o.e.p.PluginsService     ] [] loaded module [x-pack-core]
[2021-08-01T15:54:06,518][INFO ][o.e.p.PluginsService     ] [] loaded module [x-pack-data-streams]
[2021-08-01T15:54:06,518][INFO ][o.e.p.PluginsService     ] [] loaded module [x-pack-deprecation]
[2021-08-01T15:54:06,519][INFO ][o.e.p.PluginsService     ] [] loaded module [x-pack-enrich]
[2021-08-01T15:54:06,519][INFO ][o.e.p.PluginsService     ] [] loaded module [x-pack-eql]
[2021-08-01T15:54:06,519][INFO ][o.e.p.PluginsService     ] [] loaded module [x-pack-graph]
[2021-08-01T15:54:06,520][INFO ][o.e.p.PluginsService     ] [] loaded module [x-pack-identity-provider]
[2021-08-01T15:54:06,520][INFO ][o.e.p.PluginsService     ] [] loaded module [x-pack-ilm]
[2021-08-01T15:54:06,521][INFO ][o.e.p.PluginsService     ] [] loaded module [x-pack-logstash]
[2021-08-01T15:54:06,521][INFO ][o.e.p.PluginsService     ] [] loaded module [x-pack-ml]
[2021-08-01T15:54:06,521][INFO ][o.e.p.PluginsService     ] [] loaded module [x-pack-monitoring]
[2021-08-01T15:54:06,521][INFO ][o.e.p.PluginsService     ] [] loaded module [x-pack-ql]
[2021-08-01T15:54:06,522][INFO ][o.e.p.PluginsService     ] [] loaded module [x-pack-rollup]
[2021-08-01T15:54:06,522][INFO ][o.e.p.PluginsService     ] [] loaded module [x-pack-security]
[2021-08-01T15:54:06,522][INFO ][o.e.p.PluginsService     ] [] loaded module [x-pack-sql]
[2021-08-01T15:54:06,522][INFO ][o.e.p.PluginsService     ] [] loaded module [x-pack-stack]
[2021-08-01T15:54:06,523][INFO ][o.e.p.PluginsService     ] [] loaded module [x-pack-voting-only-node]
[2021-08-01T15:54:06,523][INFO ][o.e.p.PluginsService     ] [] loaded module [x-pack-watcher]
[2021-08-01T15:54:06,524][INFO ][o.e.p.PluginsService     ] [] no plugins loaded
[2021-08-01T15:54:06,691][INFO ][o.e.e.NodeEnvironment    ] [] using [1] data paths, mounts [[/ (/dev/disk1s1)]], net usable_space [30.6gb], net total_space [233.5gb], types [apfs]
[2021-08-01T15:54:06,692][INFO ][o.e.e.NodeEnvironment    ] [] heap size [2gb], compressed ordinary object pointers [true]
[2021-08-01T15:54:06,875][INFO ][o.e.n.Node               ] [] node name [], node ID [l_IKMsJBSPuH0AlwOxeU7Q], cluster name [elasticsearch], roles [transform, master, remote_cluster_client, data, ml, data_content, data_hot, data_warm, data_cold, ingest]
[2021-08-01T15:54:07,421][INFO ][i.n.u.i.PlatformDependent] [] Your platform does not provide complete low-level API for accessing direct buffers reliably. Unless explicitly requested, heap buffer will always be preferred to avoid potential system instability.
[2021-08-01T15:54:17,746][INFO ][o.e.x.m.p.l.CppLogMessageHandler] [] [controller/30243] [Main.cc@114] controller (64 bit): Version 7.10.0 (Build ac991e2e31f99d) Copyright (c) 2020 Elasticsearch BV
[2021-08-01T15:54:18,795][INFO ][o.e.x.s.a.s.FileRolesStore] [] parsed [0] roles from file [/Users/odyssey/elasticsearch/home/config/roles.yml]
[2021-08-01T15:54:22,976][INFO ][i.n.u.i.PlatformDependent] [] Your platform does not provide complete low-level API for accessing direct buffers reliably. Unless explicitly requested, heap buffer will always be preferred to avoid potential system instability.
[2021-08-01T15:54:23,162][INFO ][o.e.t.NettyAllocator     ] [] creating NettyAllocator with the following configs: [name=elasticsearch_configured, chunk_size=256kb, suggested_max_allocation_size=256kb, factors={es.unsafe.use_netty_default_chunk_and_page_size=false, g1gc_enabled=true, g1gc_region_size=1mb}]
[2021-08-01T15:54:23,469][INFO ][o.e.d.DiscoveryModule    ] [] using discovery type [zen] and seed hosts providers [settings]
[2021-08-01T15:54:25,481][WARN ][o.e.g.DanglingIndicesState] [] gateway.auto_import_dangling_indices is disabled, dangling indices will not be automatically detected or imported and must be managed manually
[2021-08-01T15:54:27,077][INFO ][o.e.n.Node               ] [] initialized
[2021-08-01T15:54:27,078][INFO ][o.e.n.Node               ] [] starting ...
[2021-08-01T15:54:32,523][INFO ][o.e.t.TransportService   ] [] publish_address {127.0.0.1:9300}, bound_addresses {[::1]:9300}, {127.0.0.1:9300}
[2021-08-01T15:54:33,405][WARN ][o.e.b.BootstrapChecks    ] [] initial heap size [134217728] not equal to maximum heap size [2147483648]; this can cause resize pauses
[2021-08-01T15:54:33,416][WARN ][o.e.b.BootstrapChecks    ] [] the default discovery settings are unsuitable for production use; at least one of [discovery.seed_hosts, discovery.seed_providers, cluster.initial_master_nodes] must be configured
[2021-08-01T15:54:33,468][INFO ][o.e.c.c.ClusterBootstrapService] [] no discovery configuration found, will perform best-effort cluster bootstrapping after [3s] unless existing master is discovered
[2021-08-01T15:54:36,477][INFO ][o.e.c.c.Coordinator      ] [] setting initial configuration to VotingConfiguration{l_IKMsJBSPuH0AlwOxeU7Q}
[2021-08-01T15:54:37,420][INFO ][o.e.c.s.MasterService    ] [] elected-as-master ([1] nodes joined)[{l_IKMsJBSPuH0AlwOxeU7Q}{RqpV8DiIR5-9SVba9WnKYQ}{127.0.0.1}{127.0.0.1:9300}{cdhilmrstw}{ml.machine_memory=8589934592, xpack.installed=true, transform.node=true, ml.max_open_jobs=20} elect leader, _BECOME_MASTER_TASK_, _FINISH_ELECTION_], term: 1, version: 1, delta: master node changed {previous [], current [{l_IKMsJBSPuH0AlwOxeU7Q}{RqpV8DiIR5-9SVba9WnKYQ}{127.0.0.1}{127.0.0.1:9300}{cdhilmrstw}{ml.machine_memory=8589934592, xpack.installed=true, transform.node=true, ml.max_open_jobs=20}]}
[2021-08-01T15:54:37,668][INFO ][o.e.c.c.CoordinationState] [] cluster UUID set to [Y8vMBYc9RUuB-cYoEW4VtQ]
[2021-08-01T15:54:37,788][INFO ][o.e.c.s.ClusterApplierService] [] master node changed {previous [], current [{l_IKMsJBSPuH0AlwOxeU7Q}{RqpV8DiIR5-9SVba9WnKYQ}{127.0.0.1}{127.0.0.1:9300}{cdhilmrstw}{ml.machine_memory=8589934592, xpack.installed=true, transform.node=true, ml.max_open_jobs=20}]}, term: 1, version: 1, reason: Publication{term=1, version=1}
[2021-08-01T15:54:37,922][INFO ][o.e.h.AbstractHttpServerTransport] [] publish_address {127.0.0.1:9200}, bound_addresses {[::1]:9200}, {127.0.0.1:9200}
[2021-08-01T15:54:37,923][INFO ][o.e.n.Node               ] [] started
[2021-08-01T15:54:38,021][INFO ][o.e.x.c.t.IndexTemplateRegistry] [] adding legacy template [.ml-anomalies-] for [ml], because it doesn't exist
[2021-08-01T15:54:38,023][INFO ][o.e.x.c.t.IndexTemplateRegistry] [] adding legacy template [.ml-state] for [ml], because it doesn't exist
[2021-08-01T15:54:38,023][INFO ][o.e.x.c.t.IndexTemplateRegistry] [] adding legacy template [.ml-config] for [ml], because it doesn't exist
[2021-08-01T15:54:38,025][INFO ][o.e.x.c.t.IndexTemplateRegistry] [] adding legacy template [.ml-inference-000003] for [ml], because it doesn't exist
[2021-08-01T15:54:38,025][INFO ][o.e.x.c.t.IndexTemplateRegistry] [] adding legacy template [.ml-meta] for [ml], because it doesn't exist
[2021-08-01T15:54:38,036][INFO ][o.e.x.c.t.IndexTemplateRegistry] [] adding legacy template [.ml-notifications-000001] for [ml], because it doesn't exist
[2021-08-01T15:54:38,038][INFO ][o.e.x.c.t.IndexTemplateRegistry] [] adding legacy template [.ml-stats] for [ml], because it doesn't exist
[2021-08-01T15:54:38,260][INFO ][o.e.g.GatewayService     ] [] recovered [0] indices into cluster_state
[2021-08-01T15:54:39,270][INFO ][o.e.c.m.MetadataIndexTemplateService] [] adding template [.ml-state] for index patterns [.ml-state*]
[2021-08-01T15:54:39,537][INFO ][o.e.c.m.MetadataIndexTemplateService] [] adding template [.ml-notifications-000001] for index patterns [.ml-notifications-000001]
[2021-08-01T15:54:39,721][INFO ][o.e.c.m.MetadataIndexTemplateService] [] adding template [.ml-stats] for index patterns [.ml-stats-*]
[2021-08-01T15:54:39,853][INFO ][o.e.c.m.MetadataIndexTemplateService] [] adding template [.ml-inference-000003] for index patterns [.ml-inference-000003]
[2021-08-01T15:54:40,013][INFO ][o.e.c.m.MetadataIndexTemplateService] [] adding template [.ml-config] for index patterns [.ml-config]
[2021-08-01T15:54:40,185][INFO ][o.e.c.m.MetadataIndexTemplateService] [] adding template [.ml-anomalies-] for index patterns [.ml-anomalies-*]
[2021-08-01T15:54:40,467][INFO ][o.e.c.m.MetadataIndexTemplateService] [] adding template [.ml-meta] for index patterns [.ml-meta]
[2021-08-01T15:54:40,624][INFO ][o.e.c.m.MetadataIndexTemplateService] [] adding component template [metrics-mappings]
[2021-08-01T15:54:40,858][INFO ][o.e.c.m.MetadataIndexTemplateService] [] adding component template [logs-mappings]
[2021-08-01T15:54:41,026][INFO ][o.e.c.m.MetadataIndexTemplateService] [] adding component template [synthetics-settings]
[2021-08-01T15:54:41,345][INFO ][o.e.c.m.MetadataIndexTemplateService] [] adding component template [synthetics-mappings]
[2021-08-01T15:54:41,563][INFO ][o.e.c.m.MetadataIndexTemplateService] [] adding component template [logs-settings]
[2021-08-01T15:54:41,829][INFO ][o.e.c.m.MetadataIndexTemplateService] [] adding component template [metrics-settings]
[2021-08-01T15:54:42,100][INFO ][o.e.c.m.MetadataIndexTemplateService] [] adding index template [.triggered_watches] for index patterns [.triggered_watches*]
[2021-08-01T15:54:42,232][INFO ][o.e.c.m.MetadataIndexTemplateService] [] adding index template [.watches] for index patterns [.watches*]
[2021-08-01T15:54:42,390][INFO ][o.e.c.m.MetadataIndexTemplateService] [] adding index template [.watch-history-12] for index patterns [.watcher-history-12*]
[2021-08-01T15:54:42,505][INFO ][o.e.c.m.MetadataIndexTemplateService] [] adding index template [ilm-history] for index patterns [ilm-history-3*]
[2021-08-01T15:54:42,652][INFO ][o.e.c.m.MetadataIndexTemplateService] [] adding index template [.slm-history] for index patterns [.slm-history-3*]
[2021-08-01T15:54:42,826][INFO ][o.e.c.m.MetadataIndexTemplateService] [] adding template [.monitoring-alerts-7] for index patterns [.monitoring-alerts-7]
[2021-08-01T15:54:43,017][INFO ][o.e.c.m.MetadataIndexTemplateService] [] adding template [.monitoring-es] for index patterns [.monitoring-es-7-*]
[2021-08-01T15:54:43,143][INFO ][o.e.c.m.MetadataIndexTemplateService] [] adding template [.monitoring-kibana] for index patterns [.monitoring-kibana-7-*]
[2021-08-01T15:54:43,342][INFO ][o.e.c.m.MetadataIndexTemplateService] [] adding template [.monitoring-logstash] for index patterns [.monitoring-logstash-7-*]
[2021-08-01T15:54:43,523][INFO ][o.e.c.m.MetadataIndexTemplateService] [] adding template [.monitoring-beats] for index patterns [.monitoring-beats-7-*]
[2021-08-01T15:54:43,665][INFO ][o.e.c.m.MetadataIndexTemplateService] [] adding index template [synthetics] for index patterns [synthetics-*-*]
[2021-08-01T15:54:43,795][INFO ][o.e.c.m.MetadataIndexTemplateService] [] adding index template [logs] for index patterns [logs-*-*]
[2021-08-01T15:54:43,925][INFO ][o.e.c.m.MetadataIndexTemplateService] [] adding index template [metrics] for index patterns [metrics-*-*]
[2021-08-01T15:54:44,070][INFO ][o.e.x.i.a.TransportPutLifecycleAction] [] adding index lifecycle policy [ml-size-based-ilm-policy]
[2021-08-01T15:54:44,458][INFO ][o.e.x.i.a.TransportPutLifecycleAction] [] adding index lifecycle policy [logs]
[2021-08-01T15:54:44,571][INFO ][o.e.x.i.a.TransportPutLifecycleAction] [] adding index lifecycle policy [metrics]
[2021-08-01T15:54:44,719][INFO ][o.e.x.i.a.TransportPutLifecycleAction] [] adding index lifecycle policy [synthetics]
[2021-08-01T15:54:44,841][INFO ][o.e.x.i.a.TransportPutLifecycleAction] [] adding index lifecycle policy [watch-history-ilm-policy]
[2021-08-01T15:54:44,959][INFO ][o.e.x.i.a.TransportPutLifecycleAction] [] adding index lifecycle policy [ilm-history-ilm-policy]
[2021-08-01T15:54:45,122][INFO ][o.e.x.i.a.TransportPutLifecycleAction] [] adding index lifecycle policy [slm-history-ilm-policy]
[2021-08-01T15:54:45,582][INFO ][o.e.l.LicenseService     ] [] license [852413d4-8d73-4375-9b38-1e041518f838] mode [basic] - valid
[2021-08-01T15:54:45,589][INFO ][o.e.x.s.s.SecurityStatusChangeListener] [] Active license is now [BASIC]; Security is disabled
[2021-08-01T15:55:07,858][INFO ][o.e.c.r.a.DiskThresholdMonitor] [] low disk watermark [85%] exceeded on [l_IKMsJBSPuH0AlwOxeU7Q][][/Users/odyssey/elasticsearch/home/data/nodes/0] free: 30.6gb[13.1%], replicas will not be assigned to this node
[2021-08-01T16:51:56,453][INFO ][o.e.n.Node               ] [] version[7.10.0], pid[32774], build[unknown/unknown/unknown/unknown], OS[Mac OS X/10.14.6/x86_64], JVM[Oracle Corporation/Java HotSpot(TM) 64-Bit Server VM/11.0.11/11.0.11+9-LTS-194]
[2021-08-01T16:51:56,466][INFO ][o.e.n.Node               ] [] JVM home [/Library/Java/JavaVirtualMachines/jdk-11.0.11.jdk/Contents/Home]
[2021-08-01T16:51:56,488][INFO ][o.e.n.Node               ] [] JVM arguments [-agentlib:jdwp=transport=dt_socket,address=127.0.0.1:57216,suspend=y,server=n, -Des.path.conf=/Users/odyssey/elasticsearch/home/config, -Des.path.home=/Users/odyssey/elasticsearch/home, -Dlog4j2.disable.jmx=true, -Djava.security.policy=/Users/odyssey/elasticsearch/home/config/java.policy, -javaagent:/Users/odyssey/Library/Caches/JetBrains/IntelliJIdea2021.1/groovyHotSwap/gragent.jar, -javaagent:/Users/odyssey/Library/Caches/JetBrains/IntelliJIdea2021.1/captureAgent/debugger-agent.jar, -Dfile.encoding=UTF-8]
[2021-08-01T16:52:14,828][INFO ][o.e.p.PluginsService     ] [] loaded module [aggs-matrix-stats]
[2021-08-01T16:52:14,828][INFO ][o.e.p.PluginsService     ] [] loaded module [analysis-common]
[2021-08-01T16:52:14,829][INFO ][o.e.p.PluginsService     ] [] loaded module [constant-keyword]
[2021-08-01T16:52:14,829][INFO ][o.e.p.PluginsService     ] [] loaded module [flattened]
[2021-08-01T16:52:14,829][INFO ][o.e.p.PluginsService     ] [] loaded module [frozen-indices]
[2021-08-01T16:52:14,830][INFO ][o.e.p.PluginsService     ] [] loaded module [ingest-common]
[2021-08-01T16:52:14,830][INFO ][o.e.p.PluginsService     ] [] loaded module [ingest-geoip]
[2021-08-01T16:52:14,830][INFO ][o.e.p.PluginsService     ] [] loaded module [ingest-user-agent]
[2021-08-01T16:52:14,831][INFO ][o.e.p.PluginsService     ] [] loaded module [kibana]
[2021-08-01T16:52:14,831][INFO ][o.e.p.PluginsService     ] [] loaded module [lang-expression]
[2021-08-01T16:52:14,832][INFO ][o.e.p.PluginsService     ] [] loaded module [lang-mustache]
[2021-08-01T16:52:14,832][INFO ][o.e.p.PluginsService     ] [] loaded module [lang-painless]
[2021-08-01T16:52:14,832][INFO ][o.e.p.PluginsService     ] [] loaded module [mapper-extras]
[2021-08-01T16:52:14,833][INFO ][o.e.p.PluginsService     ] [] loaded module [mapper-version]
[2021-08-01T16:52:14,833][INFO ][o.e.p.PluginsService     ] [] loaded module [parent-join]
[2021-08-01T16:52:14,833][INFO ][o.e.p.PluginsService     ] [] loaded module [percolator]
[2021-08-01T16:52:14,834][INFO ][o.e.p.PluginsService     ] [] loaded module [rank-eval]
[2021-08-01T16:52:14,834][INFO ][o.e.p.PluginsService     ] [] loaded module [reindex]
[2021-08-01T16:52:14,834][INFO ][o.e.p.PluginsService     ] [] loaded module [repositories-metering-api]
[2021-08-01T16:52:14,835][INFO ][o.e.p.PluginsService     ] [] loaded module [repository-url]
[2021-08-01T16:52:14,835][INFO ][o.e.p.PluginsService     ] [] loaded module [search-business-rules]
[2021-08-01T16:52:14,835][INFO ][o.e.p.PluginsService     ] [] loaded module [searchable-snapshots]
[2021-08-01T16:52:14,835][INFO ][o.e.p.PluginsService     ] [] loaded module [spatial]
[2021-08-01T16:52:14,836][INFO ][o.e.p.PluginsService     ] [] loaded module [transform]
[2021-08-01T16:52:14,836][INFO ][o.e.p.PluginsService     ] [] loaded module [transport-netty4]
[2021-08-01T16:52:14,836][INFO ][o.e.p.PluginsService     ] [] loaded module [unsigned-long]
[2021-08-01T16:52:14,837][INFO ][o.e.p.PluginsService     ] [] loaded module [vectors]
[2021-08-01T16:52:14,837][INFO ][o.e.p.PluginsService     ] [] loaded module [wildcard]
[2021-08-01T16:52:14,839][INFO ][o.e.p.PluginsService     ] [] loaded module [x-pack-analytics]
[2021-08-01T16:52:14,840][INFO ][o.e.p.PluginsService     ] [] loaded module [x-pack-async]
[2021-08-01T16:52:14,840][INFO ][o.e.p.PluginsService     ] [] loaded module [x-pack-async-search]
[2021-08-01T16:52:14,841][INFO ][o.e.p.PluginsService     ] [] loaded module [x-pack-autoscaling]
[2021-08-01T16:52:14,841][INFO ][o.e.p.PluginsService     ] [] loaded module [x-pack-ccr]
[2021-08-01T16:52:14,842][INFO ][o.e.p.PluginsService     ] [] loaded module [x-pack-core]
[2021-08-01T16:52:14,842][INFO ][o.e.p.PluginsService     ] [] loaded module [x-pack-data-streams]
[2021-08-01T16:52:14,843][INFO ][o.e.p.PluginsService     ] [] loaded module [x-pack-deprecation]
[2021-08-01T16:52:14,844][INFO ][o.e.p.PluginsService     ] [] loaded module [x-pack-enrich]
[2021-08-01T16:52:14,844][INFO ][o.e.p.PluginsService     ] [] loaded module [x-pack-eql]
[2021-08-01T16:52:14,845][INFO ][o.e.p.PluginsService     ] [] loaded module [x-pack-graph]
[2021-08-01T16:52:14,845][INFO ][o.e.p.PluginsService     ] [] loaded module [x-pack-identity-provider]
[2021-08-01T16:52:14,846][INFO ][o.e.p.PluginsService     ] [] loaded module [x-pack-ilm]
[2021-08-01T16:52:14,847][INFO ][o.e.p.PluginsService     ] [] loaded module [x-pack-logstash]
[2021-08-01T16:52:14,847][INFO ][o.e.p.PluginsService     ] [] loaded module [x-pack-ml]
[2021-08-01T16:52:14,847][INFO ][o.e.p.PluginsService     ] [] loaded module [x-pack-monitoring]
[2021-08-01T16:52:14,847][INFO ][o.e.p.PluginsService     ] [] loaded module [x-pack-ql]
[2021-08-01T16:52:14,848][INFO ][o.e.p.PluginsService     ] [] loaded module [x-pack-rollup]
[2021-08-01T16:52:14,848][INFO ][o.e.p.PluginsService     ] [] loaded module [x-pack-security]
[2021-08-01T16:52:14,849][INFO ][o.e.p.PluginsService     ] [] loaded module [x-pack-sql]
[2021-08-01T16:52:14,849][INFO ][o.e.p.PluginsService     ] [] loaded module [x-pack-stack]
[2021-08-01T16:52:14,850][INFO ][o.e.p.PluginsService     ] [] loaded module [x-pack-voting-only-node]
[2021-08-01T16:52:14,850][INFO ][o.e.p.PluginsService     ] [] loaded module [x-pack-watcher]
[2021-08-01T16:52:14,851][INFO ][o.e.p.PluginsService     ] [] no plugins loaded
[2021-08-01T16:52:15,000][INFO ][o.e.e.NodeEnvironment    ] [] using [1] data paths, mounts [[/ (/dev/disk1s1)]], net usable_space [31.9gb], net total_space [233.5gb], types [apfs]
[2021-08-01T16:52:15,000][INFO ][o.e.e.NodeEnvironment    ] [] heap size [2gb], compressed ordinary object pointers [true]
[2021-08-01T16:52:15,292][INFO ][o.e.n.Node               ] [] node name [], node ID [l_IKMsJBSPuH0AlwOxeU7Q], cluster name [elasticsearch], roles [transform, master, remote_cluster_client, data, ml, data_content, data_hot, data_warm, data_cold, ingest]
[2021-08-01T16:52:15,760][INFO ][i.n.u.i.PlatformDependent] [] Your platform does not provide complete low-level API for accessing direct buffers reliably. Unless explicitly requested, heap buffer will always be preferred to avoid potential system instability.
[2021-08-01T16:52:25,193][INFO ][o.e.x.m.p.l.CppLogMessageHandler] [] [controller/32787] [Main.cc@114] controller (64 bit): Version 7.10.0 (Build ac991e2e31f99d) Copyright (c) 2020 Elasticsearch BV
[2021-08-01T16:52:26,359][INFO ][o.e.x.s.a.s.FileRolesStore] [] parsed [0] roles from file [/Users/odyssey/elasticsearch/home/config/roles.yml]
[2021-08-01T16:52:30,422][INFO ][i.n.u.i.PlatformDependent] [] Your platform does not provide complete low-level API for accessing direct buffers reliably. Unless explicitly requested, heap buffer will always be preferred to avoid potential system instability.
[2021-08-01T16:52:30,587][INFO ][o.e.t.NettyAllocator     ] [] creating NettyAllocator with the following configs: [name=elasticsearch_configured, chunk_size=256kb, suggested_max_allocation_size=256kb, factors={es.unsafe.use_netty_default_chunk_and_page_size=false, g1gc_enabled=true, g1gc_region_size=1mb}]
[2021-08-01T16:52:30,869][INFO ][o.e.d.DiscoveryModule    ] [] using discovery type [zen] and seed hosts providers [settings]
[2021-08-01T16:52:32,662][WARN ][o.e.g.DanglingIndicesState] [] gateway.auto_import_dangling_indices is disabled, dangling indices will not be automatically detected or imported and must be managed manually
[2021-08-01T16:52:33,936][INFO ][o.e.n.Node               ] [] initialized
[2021-08-01T16:52:33,937][INFO ][o.e.n.Node               ] [] starting ...
[2021-08-01T16:52:39,346][INFO ][o.e.t.TransportService   ] [] publish_address {127.0.0.1:9300}, bound_addresses {[::1]:9300}, {127.0.0.1:9300}
[2021-08-01T16:52:40,146][WARN ][o.e.b.BootstrapChecks    ] [] initial heap size [134217728] not equal to maximum heap size [2147483648]; this can cause resize pauses
[2021-08-01T16:52:40,146][WARN ][o.e.b.BootstrapChecks    ] [] the default discovery settings are unsuitable for production use; at least one of [discovery.seed_hosts, discovery.seed_providers, cluster.initial_master_nodes] must be configured
[2021-08-01T16:52:40,150][INFO ][o.e.c.c.Coordinator      ] [] cluster UUID [Y8vMBYc9RUuB-cYoEW4VtQ]
[2021-08-01T16:52:40,206][INFO ][o.e.c.c.ClusterBootstrapService] [] no discovery configuration found, will perform best-effort cluster bootstrapping after [3s] unless existing master is discovered
[2021-08-01T16:52:40,500][INFO ][o.e.c.s.MasterService    ] [] elected-as-master ([1] nodes joined)[{l_IKMsJBSPuH0AlwOxeU7Q}{wKAC1--QQ5OeSPIjkVlgeg}{127.0.0.1}{127.0.0.1:9300}{cdhilmrstw}{ml.machine_memory=8589934592, xpack.installed=true, transform.node=true, ml.max_open_jobs=20} elect leader, _BECOME_MASTER_TASK_, _FINISH_ELECTION_], term: 2, version: 40, delta: master node changed {previous [], current [{l_IKMsJBSPuH0AlwOxeU7Q}{wKAC1--QQ5OeSPIjkVlgeg}{127.0.0.1}{127.0.0.1:9300}{cdhilmrstw}{ml.machine_memory=8589934592, xpack.installed=true, transform.node=true, ml.max_open_jobs=20}]}
[2021-08-01T16:52:40,687][INFO ][o.e.c.s.ClusterApplierService] [] master node changed {previous [], current [{l_IKMsJBSPuH0AlwOxeU7Q}{wKAC1--QQ5OeSPIjkVlgeg}{127.0.0.1}{127.0.0.1:9300}{cdhilmrstw}{ml.machine_memory=8589934592, xpack.installed=true, transform.node=true, ml.max_open_jobs=20}]}, term: 2, version: 40, reason: Publication{term=2, version=40}
[2021-08-01T16:52:40,809][INFO ][o.e.h.AbstractHttpServerTransport] [] publish_address {127.0.0.1:9200}, bound_addresses {[::1]:9200}, {127.0.0.1:9200}
[2021-08-01T16:52:40,816][INFO ][o.e.n.Node               ] [] started
[2021-08-01T16:52:41,604][INFO ][o.e.l.LicenseService     ] [] license [852413d4-8d73-4375-9b38-1e041518f838] mode [basic] - valid
[2021-08-01T16:52:41,607][INFO ][o.e.x.s.s.SecurityStatusChangeListener] [] Active license is now [BASIC]; Security is disabled
[2021-08-01T16:52:41,617][INFO ][o.e.g.GatewayService     ] [] recovered [0] indices into cluster_state
[2021-08-01T16:53:10,774][INFO ][o.e.c.r.a.DiskThresholdMonitor] [] low disk watermark [85%] exceeded on [l_IKMsJBSPuH0AlwOxeU7Q][][/Users/odyssey/elasticsearch/home/data/nodes/0] free: 31.9gb[13.6%], replicas will not be assigned to this node
[2021-08-01T16:53:55,653][INFO ][o.e.x.m.p.NativeController] [] Native controller process has stopped - no new native processes can be started
[2021-08-01T16:53:55,657][INFO ][o.e.n.Node               ] [] stopping ...
[2021-08-01T16:54:33,463][INFO ][o.e.n.Node               ] [] version[7.10.0], pid[32879], build[unknown/unknown/unknown/unknown], OS[Mac OS X/10.14.6/x86_64], JVM[Oracle Corporation/Java HotSpot(TM) 64-Bit Server VM/11.0.11/11.0.11+9-LTS-194]
[2021-08-01T16:54:33,476][INFO ][o.e.n.Node               ] [] JVM home [/Library/Java/JavaVirtualMachines/jdk-11.0.11.jdk/Contents/Home]
[2021-08-01T16:54:33,493][INFO ][o.e.n.Node               ] [] JVM arguments [-agentlib:jdwp=transport=dt_socket,address=127.0.0.1:57625,suspend=y,server=n, -Des.path.conf=/Users/odyssey/elasticsearch/home/config, -Des.path.home=/Users/odyssey/elasticsearch/home, -Dlog4j2.disable.jmx=true, -Djava.security.policy=/Users/odyssey/elasticsearch/home/config/java.policy, -javaagent:/Users/odyssey/Library/Caches/JetBrains/IntelliJIdea2021.1/groovyHotSwap/gragent.jar, -javaagent:/Users/odyssey/Library/Caches/JetBrains/IntelliJIdea2021.1/captureAgent/debugger-agent.jar, -Dfile.encoding=UTF-8]
[2021-08-01T16:54:54,112][INFO ][o.e.p.PluginsService     ] [] loaded module [aggs-matrix-stats]
[2021-08-01T16:54:54,114][INFO ][o.e.p.PluginsService     ] [] loaded module [analysis-common]
[2021-08-01T16:54:54,115][INFO ][o.e.p.PluginsService     ] [] loaded module [constant-keyword]
[2021-08-01T16:54:54,115][INFO ][o.e.p.PluginsService     ] [] loaded module [flattened]
[2021-08-01T16:54:54,116][INFO ][o.e.p.PluginsService     ] [] loaded module [frozen-indices]
[2021-08-01T16:54:54,116][INFO ][o.e.p.PluginsService     ] [] loaded module [ingest-common]
[2021-08-01T16:54:54,116][INFO ][o.e.p.PluginsService     ] [] loaded module [ingest-geoip]
[2021-08-01T16:54:54,117][INFO ][o.e.p.PluginsService     ] [] loaded module [ingest-user-agent]
[2021-08-01T16:54:54,117][INFO ][o.e.p.PluginsService     ] [] loaded module [kibana]
[2021-08-01T16:54:54,118][INFO ][o.e.p.PluginsService     ] [] loaded module [lang-expression]
[2021-08-01T16:54:54,118][INFO ][o.e.p.PluginsService     ] [] loaded module [lang-mustache]
[2021-08-01T16:54:54,119][INFO ][o.e.p.PluginsService     ] [] loaded module [lang-painless]
[2021-08-01T16:54:54,119][INFO ][o.e.p.PluginsService     ] [] loaded module [mapper-extras]
[2021-08-01T16:54:54,120][INFO ][o.e.p.PluginsService     ] [] loaded module [mapper-version]
[2021-08-01T16:54:54,120][INFO ][o.e.p.PluginsService     ] [] loaded module [parent-join]
[2021-08-01T16:54:54,121][INFO ][o.e.p.PluginsService     ] [] loaded module [percolator]
[2021-08-01T16:54:54,121][INFO ][o.e.p.PluginsService     ] [] loaded module [rank-eval]
[2021-08-01T16:54:54,122][INFO ][o.e.p.PluginsService     ] [] loaded module [reindex]
[2021-08-01T16:54:54,122][INFO ][o.e.p.PluginsService     ] [] loaded module [repositories-metering-api]
[2021-08-01T16:54:54,123][INFO ][o.e.p.PluginsService     ] [] loaded module [repository-url]
[2021-08-01T16:54:54,123][INFO ][o.e.p.PluginsService     ] [] loaded module [search-business-rules]
[2021-08-01T16:54:54,123][INFO ][o.e.p.PluginsService     ] [] loaded module [searchable-snapshots]
[2021-08-01T16:54:54,124][INFO ][o.e.p.PluginsService     ] [] loaded module [spatial]
[2021-08-01T16:54:54,124][INFO ][o.e.p.PluginsService     ] [] loaded module [transform]
[2021-08-01T16:54:54,125][INFO ][o.e.p.PluginsService     ] [] loaded module [transport-netty4]
[2021-08-01T16:54:54,125][INFO ][o.e.p.PluginsService     ] [] loaded module [unsigned-long]
[2021-08-01T16:54:54,125][INFO ][o.e.p.PluginsService     ] [] loaded module [vectors]
[2021-08-01T16:54:54,125][INFO ][o.e.p.PluginsService     ] [] loaded module [wildcard]
[2021-08-01T16:54:54,126][INFO ][o.e.p.PluginsService     ] [] loaded module [x-pack-analytics]
[2021-08-01T16:54:54,126][INFO ][o.e.p.PluginsService     ] [] loaded module [x-pack-async]
[2021-08-01T16:54:54,126][INFO ][o.e.p.PluginsService     ] [] loaded module [x-pack-async-search]
[2021-08-01T16:54:54,127][INFO ][o.e.p.PluginsService     ] [] loaded module [x-pack-autoscaling]
[2021-08-01T16:54:54,127][INFO ][o.e.p.PluginsService     ] [] loaded module [x-pack-ccr]
[2021-08-01T16:54:54,127][INFO ][o.e.p.PluginsService     ] [] loaded module [x-pack-core]
[2021-08-01T16:54:54,127][INFO ][o.e.p.PluginsService     ] [] loaded module [x-pack-data-streams]
[2021-08-01T16:54:54,128][INFO ][o.e.p.PluginsService     ] [] loaded module [x-pack-deprecation]
[2021-08-01T16:54:54,128][INFO ][o.e.p.PluginsService     ] [] loaded module [x-pack-enrich]
[2021-08-01T16:54:54,128][INFO ][o.e.p.PluginsService     ] [] loaded module [x-pack-eql]
[2021-08-01T16:54:54,129][INFO ][o.e.p.PluginsService     ] [] loaded module [x-pack-graph]
[2021-08-01T16:54:54,129][INFO ][o.e.p.PluginsService     ] [] loaded module [x-pack-identity-provider]
[2021-08-01T16:54:54,129][INFO ][o.e.p.PluginsService     ] [] loaded module [x-pack-ilm]
[2021-08-01T16:54:54,130][INFO ][o.e.p.PluginsService     ] [] loaded module [x-pack-logstash]
[2021-08-01T16:54:54,130][INFO ][o.e.p.PluginsService     ] [] loaded module [x-pack-ml]
[2021-08-01T16:54:54,131][INFO ][o.e.p.PluginsService     ] [] loaded module [x-pack-monitoring]
[2021-08-01T16:54:54,131][INFO ][o.e.p.PluginsService     ] [] loaded module [x-pack-ql]
[2021-08-01T16:54:54,131][INFO ][o.e.p.PluginsService     ] [] loaded module [x-pack-rollup]
[2021-08-01T16:54:54,132][INFO ][o.e.p.PluginsService     ] [] loaded module [x-pack-security]
[2021-08-01T16:54:54,132][INFO ][o.e.p.PluginsService     ] [] loaded module [x-pack-sql]
[2021-08-01T16:54:54,132][INFO ][o.e.p.PluginsService     ] [] loaded module [x-pack-stack]
[2021-08-01T16:54:54,133][INFO ][o.e.p.PluginsService     ] [] loaded module [x-pack-voting-only-node]
[2021-08-01T16:54:54,133][INFO ][o.e.p.PluginsService     ] [] loaded module [x-pack-watcher]
[2021-08-01T16:54:54,134][INFO ][o.e.p.PluginsService     ] [] no plugins loaded
[2021-08-01T16:54:54,312][INFO ][o.e.e.NodeEnvironment    ] [] using [1] data paths, mounts [[/ (/dev/disk1s1)]], net usable_space [32gb], net total_space [233.5gb], types [apfs]
[2021-08-01T16:54:54,313][INFO ][o.e.e.NodeEnvironment    ] [] heap size [2gb], compressed ordinary object pointers [true]
[2021-08-01T16:54:54,617][INFO ][o.e.n.Node               ] [] node name [], node ID [l_IKMsJBSPuH0AlwOxeU7Q], cluster name [elasticsearch], roles [transform, master, remote_cluster_client, data, ml, data_content, data_hot, data_warm, data_cold, ingest]
[2021-08-01T16:54:55,165][INFO ][i.n.u.i.PlatformDependent] [] Your platform does not provide complete low-level API for accessing direct buffers reliably. Unless explicitly requested, heap buffer will always be preferred to avoid potential system instability.
[2021-08-01T16:55:05,798][INFO ][o.e.x.m.p.l.CppLogMessageHandler] [] [controller/32887] [Main.cc@114] controller (64 bit): Version 7.10.0 (Build ac991e2e31f99d) Copyright (c) 2020 Elasticsearch BV
[2021-08-01T16:55:06,977][INFO ][o.e.x.s.a.s.FileRolesStore] [] parsed [0] roles from file [/Users/odyssey/elasticsearch/home/config/roles.yml]
[2021-08-01T16:55:11,199][INFO ][i.n.u.i.PlatformDependent] [] Your platform does not provide complete low-level API for accessing direct buffers reliably. Unless explicitly requested, heap buffer will always be preferred to avoid potential system instability.
[2021-08-01T16:55:11,369][INFO ][o.e.t.NettyAllocator     ] [] creating NettyAllocator with the following configs: [name=elasticsearch_configured, chunk_size=256kb, suggested_max_allocation_size=256kb, factors={es.unsafe.use_netty_default_chunk_and_page_size=false, g1gc_enabled=true, g1gc_region_size=1mb}]
[2021-08-01T16:55:11,679][INFO ][o.e.d.DiscoveryModule    ] [] using discovery type [zen] and seed hosts providers [settings]
[2021-08-01T16:55:13,556][WARN ][o.e.g.DanglingIndicesState] [] gateway.auto_import_dangling_indices is disabled, dangling indices will not be automatically detected or imported and must be managed manually
[2021-08-01T16:55:14,984][INFO ][o.e.n.Node               ] [] initialized
[2021-08-01T16:55:14,985][INFO ][o.e.n.Node               ] [] starting ...
[2021-08-01T16:55:20,393][INFO ][o.e.t.TransportService   ] [] publish_address {127.0.0.1:9300}, bound_addresses {[::1]:9300}, {127.0.0.1:9300}
[2021-08-01T16:55:21,221][WARN ][o.e.b.BootstrapChecks    ] [] initial heap size [134217728] not equal to maximum heap size [2147483648]; this can cause resize pauses
[2021-08-01T16:55:21,221][WARN ][o.e.b.BootstrapChecks    ] [] the default discovery settings are unsuitable for production use; at least one of [discovery.seed_hosts, discovery.seed_providers, cluster.initial_master_nodes] must be configured
[2021-08-01T16:55:21,225][INFO ][o.e.c.c.Coordinator      ] [] cluster UUID [Y8vMBYc9RUuB-cYoEW4VtQ]
[2021-08-01T16:55:21,291][INFO ][o.e.c.c.ClusterBootstrapService] [] no discovery configuration found, will perform best-effort cluster bootstrapping after [3s] unless existing master is discovered
[2021-08-01T16:55:21,591][INFO ][o.e.c.s.MasterService    ] [] elected-as-master ([1] nodes joined)[{l_IKMsJBSPuH0AlwOxeU7Q}{va7YwzzeQ0qyWCXZlOWhCw}{127.0.0.1}{127.0.0.1:9300}{cdhilmrstw}{ml.machine_memory=8589934592, xpack.installed=true, transform.node=true, ml.max_open_jobs=20} elect leader, _BECOME_MASTER_TASK_, _FINISH_ELECTION_], term: 3, version: 43, delta: master node changed {previous [], current [{l_IKMsJBSPuH0AlwOxeU7Q}{va7YwzzeQ0qyWCXZlOWhCw}{127.0.0.1}{127.0.0.1:9300}{cdhilmrstw}{ml.machine_memory=8589934592, xpack.installed=true, transform.node=true, ml.max_open_jobs=20}]}
[2021-08-01T16:55:21,789][INFO ][o.e.c.s.ClusterApplierService] [] master node changed {previous [], current [{l_IKMsJBSPuH0AlwOxeU7Q}{va7YwzzeQ0qyWCXZlOWhCw}{127.0.0.1}{127.0.0.1:9300}{cdhilmrstw}{ml.machine_memory=8589934592, xpack.installed=true, transform.node=true, ml.max_open_jobs=20}]}, term: 3, version: 43, reason: Publication{term=3, version=43}
[2021-08-01T16:55:21,928][INFO ][o.e.h.AbstractHttpServerTransport] [] publish_address {127.0.0.1:9200}, bound_addresses {[::1]:9200}, {127.0.0.1:9200}
[2021-08-01T16:55:21,953][INFO ][o.e.n.Node               ] [] started
[2021-08-01T16:55:22,731][INFO ][o.e.l.LicenseService     ] [] license [852413d4-8d73-4375-9b38-1e041518f838] mode [basic] - valid
[2021-08-01T16:55:22,736][INFO ][o.e.x.s.s.SecurityStatusChangeListener] [] Active license is now [BASIC]; Security is disabled
[2021-08-01T16:55:22,749][INFO ][o.e.g.GatewayService     ] [] recovered [0] indices into cluster_state
[2021-08-01T16:55:51,887][INFO ][o.e.c.r.a.DiskThresholdMonitor] [] low disk watermark [85%] exceeded on [l_IKMsJBSPuH0AlwOxeU7Q][][/Users/odyssey/elasticsearch/home/data/nodes/0] free: 32gb[13.7%], replicas will not be assigned to this node
[2021-08-01T16:56:59,262][INFO ][o.e.x.m.p.NativeController] [] Native controller process has stopped - no new native processes can be started
[2021-08-01T16:56:59,266][INFO ][o.e.n.Node               ] [] stopping ...
[2021-08-01T16:57:38,324][INFO ][o.e.n.Node               ] [] version[7.10.0], pid[33042], build[unknown/unknown/unknown/unknown], OS[Mac OS X/10.14.6/x86_64], JVM[Oracle Corporation/Java HotSpot(TM) 64-Bit Server VM/11.0.11/11.0.11+9-LTS-194]
[2021-08-01T16:57:38,333][INFO ][o.e.n.Node               ] [] JVM home [/Library/Java/JavaVirtualMachines/jdk-11.0.11.jdk/Contents/Home]
[2021-08-01T16:57:38,348][INFO ][o.e.n.Node               ] [] JVM arguments [-agentlib:jdwp=transport=dt_socket,address=127.0.0.1:58087,suspend=y,server=n, -Des.path.conf=/Users/odyssey/elasticsearch/home/config, -Des.path.home=/Users/odyssey/elasticsearch/home, -Dlog4j2.disable.jmx=true, -Djava.security.policy=/Users/odyssey/elasticsearch/home/config/java.policy, -javaagent:/Users/odyssey/Library/Caches/JetBrains/IntelliJIdea2021.1/groovyHotSwap/gragent.jar, -javaagent:/Users/odyssey/Library/Caches/JetBrains/IntelliJIdea2021.1/captureAgent/debugger-agent.jar, -Dfile.encoding=UTF-8]
[2021-08-01T16:57:56,955][INFO ][o.e.p.PluginsService     ] [] loaded module [aggs-matrix-stats]
[2021-08-01T16:57:56,959][INFO ][o.e.p.PluginsService     ] [] loaded module [analysis-common]
[2021-08-01T16:57:56,959][INFO ][o.e.p.PluginsService     ] [] loaded module [constant-keyword]
[2021-08-01T16:57:56,960][INFO ][o.e.p.PluginsService     ] [] loaded module [flattened]
[2021-08-01T16:57:56,961][INFO ][o.e.p.PluginsService     ] [] loaded module [frozen-indices]
[2021-08-01T16:57:56,962][INFO ][o.e.p.PluginsService     ] [] loaded module [ingest-common]
[2021-08-01T16:57:56,962][INFO ][o.e.p.PluginsService     ] [] loaded module [ingest-geoip]
[2021-08-01T16:57:56,962][INFO ][o.e.p.PluginsService     ] [] loaded module [ingest-user-agent]
[2021-08-01T16:57:56,963][INFO ][o.e.p.PluginsService     ] [] loaded module [kibana]
[2021-08-01T16:57:56,964][INFO ][o.e.p.PluginsService     ] [] loaded module [lang-expression]
[2021-08-01T16:57:56,964][INFO ][o.e.p.PluginsService     ] [] loaded module [lang-mustache]
[2021-08-01T16:57:56,965][INFO ][o.e.p.PluginsService     ] [] loaded module [lang-painless]
[2021-08-01T16:57:56,965][INFO ][o.e.p.PluginsService     ] [] loaded module [mapper-extras]
[2021-08-01T16:57:56,966][INFO ][o.e.p.PluginsService     ] [] loaded module [mapper-version]
[2021-08-01T16:57:56,966][INFO ][o.e.p.PluginsService     ] [] loaded module [parent-join]
[2021-08-01T16:57:56,966][INFO ][o.e.p.PluginsService     ] [] loaded module [percolator]
[2021-08-01T16:57:56,967][INFO ][o.e.p.PluginsService     ] [] loaded module [rank-eval]
[2021-08-01T16:57:56,967][INFO ][o.e.p.PluginsService     ] [] loaded module [reindex]
[2021-08-01T16:57:56,967][INFO ][o.e.p.PluginsService     ] [] loaded module [repositories-metering-api]
[2021-08-01T16:57:56,967][INFO ][o.e.p.PluginsService     ] [] loaded module [repository-url]
[2021-08-01T16:57:56,968][INFO ][o.e.p.PluginsService     ] [] loaded module [search-business-rules]
[2021-08-01T16:57:56,969][INFO ][o.e.p.PluginsService     ] [] loaded module [searchable-snapshots]
[2021-08-01T16:57:56,969][INFO ][o.e.p.PluginsService     ] [] loaded module [spatial]
[2021-08-01T16:57:56,969][INFO ][o.e.p.PluginsService     ] [] loaded module [transform]
[2021-08-01T16:57:56,970][INFO ][o.e.p.PluginsService     ] [] loaded module [transport-netty4]
[2021-08-01T16:57:56,970][INFO ][o.e.p.PluginsService     ] [] loaded module [unsigned-long]
[2021-08-01T16:57:56,971][INFO ][o.e.p.PluginsService     ] [] loaded module [vectors]
[2021-08-01T16:57:56,971][INFO ][o.e.p.PluginsService     ] [] loaded module [wildcard]
[2021-08-01T16:57:56,971][INFO ][o.e.p.PluginsService     ] [] loaded module [x-pack-analytics]
[2021-08-01T16:57:56,972][INFO ][o.e.p.PluginsService     ] [] loaded module [x-pack-async]
[2021-08-01T16:57:56,972][INFO ][o.e.p.PluginsService     ] [] loaded module [x-pack-async-search]
[2021-08-01T16:57:56,972][INFO ][o.e.p.PluginsService     ] [] loaded module [x-pack-autoscaling]
[2021-08-01T16:57:56,973][INFO ][o.e.p.PluginsService     ] [] loaded module [x-pack-ccr]
[2021-08-01T16:57:56,973][INFO ][o.e.p.PluginsService     ] [] loaded module [x-pack-core]
[2021-08-01T16:57:56,973][INFO ][o.e.p.PluginsService     ] [] loaded module [x-pack-data-streams]
[2021-08-01T16:57:56,973][INFO ][o.e.p.PluginsService     ] [] loaded module [x-pack-deprecation]
[2021-08-01T16:57:56,974][INFO ][o.e.p.PluginsService     ] [] loaded module [x-pack-enrich]
[2021-08-01T16:57:56,974][INFO ][o.e.p.PluginsService     ] [] loaded module [x-pack-eql]
[2021-08-01T16:57:56,974][INFO ][o.e.p.PluginsService     ] [] loaded module [x-pack-graph]
[2021-08-01T16:57:56,975][INFO ][o.e.p.PluginsService     ] [] loaded module [x-pack-identity-provider]
[2021-08-01T16:57:56,975][INFO ][o.e.p.PluginsService     ] [] loaded module [x-pack-ilm]
[2021-08-01T16:57:56,975][INFO ][o.e.p.PluginsService     ] [] loaded module [x-pack-logstash]
[2021-08-01T16:57:56,976][INFO ][o.e.p.PluginsService     ] [] loaded module [x-pack-ml]
[2021-08-01T16:57:56,976][INFO ][o.e.p.PluginsService     ] [] loaded module [x-pack-monitoring]
[2021-08-01T16:57:56,976][INFO ][o.e.p.PluginsService     ] [] loaded module [x-pack-ql]
[2021-08-01T16:57:56,977][INFO ][o.e.p.PluginsService     ] [] loaded module [x-pack-rollup]
[2021-08-01T16:57:56,977][INFO ][o.e.p.PluginsService     ] [] loaded module [x-pack-security]
[2021-08-01T16:57:56,977][INFO ][o.e.p.PluginsService     ] [] loaded module [x-pack-sql]
[2021-08-01T16:57:56,977][INFO ][o.e.p.PluginsService     ] [] loaded module [x-pack-stack]
[2021-08-01T16:57:56,978][INFO ][o.e.p.PluginsService     ] [] loaded module [x-pack-voting-only-node]
[2021-08-01T16:57:56,978][INFO ][o.e.p.PluginsService     ] [] loaded module [x-pack-watcher]
[2021-08-01T16:57:56,979][INFO ][o.e.p.PluginsService     ] [] no plugins loaded
[2021-08-01T16:57:57,141][INFO ][o.e.e.NodeEnvironment    ] [] using [1] data paths, mounts [[/ (/dev/disk1s1)]], net usable_space [32gb], net total_space [233.5gb], types [apfs]
[2021-08-01T16:57:57,141][INFO ][o.e.e.NodeEnvironment    ] [] heap size [2gb], compressed ordinary object pointers [true]
[2021-08-01T16:57:57,475][INFO ][o.e.n.Node               ] [] node name [], node ID [l_IKMsJBSPuH0AlwOxeU7Q], cluster name [elasticsearch], roles [transform, master, remote_cluster_client, data, ml, data_content, data_hot, data_warm, data_cold, ingest]
[2021-08-01T16:57:58,023][INFO ][i.n.u.i.PlatformDependent] [] Your platform does not provide complete low-level API for accessing direct buffers reliably. Unless explicitly requested, heap buffer will always be preferred to avoid potential system instability.
[2021-08-01T16:58:08,497][INFO ][o.e.x.m.p.l.CppLogMessageHandler] [] [controller/33048] [Main.cc@114] controller (64 bit): Version 7.10.0 (Build ac991e2e31f99d) Copyright (c) 2020 Elasticsearch BV
[2021-08-01T16:58:09,571][INFO ][o.e.x.s.a.s.FileRolesStore] [] parsed [0] roles from file [/Users/odyssey/elasticsearch/home/config/roles.yml]
[2021-08-01T16:58:14,119][INFO ][i.n.u.i.PlatformDependent] [] Your platform does not provide complete low-level API for accessing direct buffers reliably. Unless explicitly requested, heap buffer will always be preferred to avoid potential system instability.
[2021-08-01T16:58:14,317][INFO ][o.e.t.NettyAllocator     ] [] creating NettyAllocator with the following configs: [name=elasticsearch_configured, chunk_size=256kb, suggested_max_allocation_size=256kb, factors={es.unsafe.use_netty_default_chunk_and_page_size=false, g1gc_enabled=true, g1gc_region_size=1mb}]
[2021-08-01T16:58:14,664][INFO ][o.e.d.DiscoveryModule    ] [] using discovery type [zen] and seed hosts providers [settings]
[2021-08-01T16:58:17,804][WARN ][o.e.g.DanglingIndicesState] [] gateway.auto_import_dangling_indices is disabled, dangling indices will not be automatically detected or imported and must be managed manually
[2021-08-01T16:58:20,140][INFO ][o.e.n.Node               ] [] initialized
[2021-08-01T16:58:20,142][INFO ][o.e.n.Node               ] [] starting ...
[2021-08-01T16:58:25,633][INFO ][o.e.t.TransportService   ] [] publish_address {127.0.0.1:9300}, bound_addresses {[::1]:9300}, {127.0.0.1:9300}
[2021-08-01T16:58:26,480][WARN ][o.e.b.BootstrapChecks    ] [] initial heap size [134217728] not equal to maximum heap size [2147483648]; this can cause resize pauses
[2021-08-01T16:58:26,481][WARN ][o.e.b.BootstrapChecks    ] [] the default discovery settings are unsuitable for production use; at least one of [discovery.seed_hosts, discovery.seed_providers, cluster.initial_master_nodes] must be configured
[2021-08-01T16:58:26,488][INFO ][o.e.c.c.Coordinator      ] [] cluster UUID [Y8vMBYc9RUuB-cYoEW4VtQ]
[2021-08-01T16:58:26,574][INFO ][o.e.c.c.ClusterBootstrapService] [] no discovery configuration found, will perform best-effort cluster bootstrapping after [3s] unless existing master is discovered
[2021-08-01T16:58:26,853][INFO ][o.e.c.s.MasterService    ] [] elected-as-master ([1] nodes joined)[{l_IKMsJBSPuH0AlwOxeU7Q}{ZiCCdfY_TlqpjQj6BSO3Kw}{127.0.0.1}{127.0.0.1:9300}{cdhilmrstw}{ml.machine_memory=8589934592, xpack.installed=true, transform.node=true, ml.max_open_jobs=20} elect leader, _BECOME_MASTER_TASK_, _FINISH_ELECTION_], term: 4, version: 46, delta: master node changed {previous [], current [{l_IKMsJBSPuH0AlwOxeU7Q}{ZiCCdfY_TlqpjQj6BSO3Kw}{127.0.0.1}{127.0.0.1:9300}{cdhilmrstw}{ml.machine_memory=8589934592, xpack.installed=true, transform.node=true, ml.max_open_jobs=20}]}
[2021-08-01T16:58:27,034][INFO ][o.e.c.s.ClusterApplierService] [] master node changed {previous [], current [{l_IKMsJBSPuH0AlwOxeU7Q}{ZiCCdfY_TlqpjQj6BSO3Kw}{127.0.0.1}{127.0.0.1:9300}{cdhilmrstw}{ml.machine_memory=8589934592, xpack.installed=true, transform.node=true, ml.max_open_jobs=20}]}, term: 4, version: 46, reason: Publication{term=4, version=46}
[2021-08-01T16:58:27,175][INFO ][o.e.h.AbstractHttpServerTransport] [] publish_address {127.0.0.1:9200}, bound_addresses {[::1]:9200}, {127.0.0.1:9200}
[2021-08-01T16:58:27,185][INFO ][o.e.n.Node               ] [] started
[2021-08-01T16:58:27,947][INFO ][o.e.l.LicenseService     ] [] license [852413d4-8d73-4375-9b38-1e041518f838] mode [basic] - valid
[2021-08-01T16:58:27,960][INFO ][o.e.x.s.s.SecurityStatusChangeListener] [] Active license is now [BASIC]; Security is disabled
[2021-08-01T16:58:27,973][INFO ][o.e.g.GatewayService     ] [] recovered [0] indices into cluster_state
[2021-08-01T16:58:32,938][INFO ][o.e.x.m.p.NativeController] [] Native controller process has stopped - no new native processes can be started
[2021-08-01T16:58:32,940][INFO ][o.e.n.Node               ] [] stopping ...
